[0.405s] Invoking command in '/home/rokey/github_package/turtlebot4-slam-nav/build/rokey_pjt': PYTHONPATH=/home/rokey/github_package/turtlebot4-slam-nav/build/rokey_pjt/prefix_override:/usr/lib/python3/dist-packages/colcon_core/task/python/colcon_distutils_commands:/home/rokey/github_package/turtlebot4-slam-nav/install/rokey_pjt/lib/python3.10/site-packages:${PYTHONPATH} /usr/bin/python3 -W ignore:setup.py install is deprecated -W ignore:easy_install command is deprecated setup.py develop --editable --build-directory /home/rokey/github_package/turtlebot4-slam-nav/build/rokey_pjt/build --no-deps symlink_data
[0.569s] running develop
[0.663s] running egg_info
[0.663s] creating rokey_pjt.egg-info
[0.664s] writing rokey_pjt.egg-info/PKG-INFO
[0.664s] writing dependency_links to rokey_pjt.egg-info/dependency_links.txt
[0.664s] writing entry points to rokey_pjt.egg-info/entry_points.txt
[0.664s] writing requirements to rokey_pjt.egg-info/requires.txt
[0.664s] writing top-level names to rokey_pjt.egg-info/top_level.txt
[0.664s] writing manifest file 'rokey_pjt.egg-info/SOURCES.txt'
[0.665s] reading manifest file 'rokey_pjt.egg-info/SOURCES.txt'
[0.665s] writing manifest file 'rokey_pjt.egg-info/SOURCES.txt'
[0.666s] running build_ext
[0.666s] Creating /home/rokey/github_package/turtlebot4-slam-nav/install/rokey_pjt/lib/python3.10/site-packages/rokey-pjt.egg-link (link to .)
[0.666s] Installing depth_checker script to /home/rokey/github_package/turtlebot4-slam-nav/install/rokey_pjt/lib/rokey_pjt
[0.667s] Installing depth_checker_mouse_click script to /home/rokey/github_package/turtlebot4-slam-nav/install/rokey_pjt/lib/rokey_pjt
[0.667s] Installing tf_point_transform script to /home/rokey/github_package/turtlebot4-slam-nav/install/rokey_pjt/lib/rokey_pjt
[0.667s] 
[0.667s] Installed /home/rokey/github_package/turtlebot4-slam-nav/build/rokey_pjt
[0.667s] running symlink_data
[0.667s] creating /home/rokey/github_package/turtlebot4-slam-nav/install/rokey_pjt/share/ament_index
[0.667s] creating /home/rokey/github_package/turtlebot4-slam-nav/install/rokey_pjt/share/ament_index/resource_index
[0.667s] creating /home/rokey/github_package/turtlebot4-slam-nav/install/rokey_pjt/share/ament_index/resource_index/packages
[0.667s] symbolically linking /home/rokey/github_package/turtlebot4-slam-nav/build/rokey_pjt/resource/rokey_pjt -> /home/rokey/github_package/turtlebot4-slam-nav/install/rokey_pjt/share/ament_index/resource_index/packages
[0.667s] symbolically linking /home/rokey/github_package/turtlebot4-slam-nav/build/rokey_pjt/package.xml -> /home/rokey/github_package/turtlebot4-slam-nav/install/rokey_pjt/share/rokey_pjt
[0.687s] Invoked command in '/home/rokey/github_package/turtlebot4-slam-nav/build/rokey_pjt' returned '0': PYTHONPATH=/home/rokey/github_package/turtlebot4-slam-nav/build/rokey_pjt/prefix_override:/usr/lib/python3/dist-packages/colcon_core/task/python/colcon_distutils_commands:/home/rokey/github_package/turtlebot4-slam-nav/install/rokey_pjt/lib/python3.10/site-packages:${PYTHONPATH} /usr/bin/python3 -W ignore:setup.py install is deprecated -W ignore:easy_install command is deprecated setup.py develop --editable --build-directory /home/rokey/github_package/turtlebot4-slam-nav/build/rokey_pjt/build --no-deps symlink_data
