[0.005s] Invoking command in '/home/rokey/github_package/turtlebot4-slam-nav/build/turtlebot4_desktop': CMAKE_PREFIX_PATH=/home/rokey/github_package/turtlebot4-slam-nav/install/turtlebot4_viz:/home/rokey/github_package/turtlebot4-slam-nav/install/turtlebot4_description:/home/rokey/github_package/turtlebot4-slam-nav/install/turtlebot4_desktop:/home/rokey/github_package/turtlebot4-slam-nav/install/turtlebot4_node:/home/rokey/github_package/turtlebot4-slam-nav/install/turtlebot4_navigation:/home/rokey/github_package/turtlebot4-slam-nav/install/turtlebot4_msgs:/home/rokey/turtlebot4_ws/install/turtlebot4_desktop:/home/rokey/turtlebot4_ws/install/turtlebot4_viz:/home/rokey/turtlebot4_ws/install/turtlebot4_node:/home/rokey/turtlebot4_ws/install/turtlebot4_navigation:/home/rokey/turtlebot4_ws/install/turtlebot4_msgs:/home/rokey/turtlebot4_ws/install/turtlebot4_description:/home/rokey/github_package/turtlebot4-slam-nav/install/rokey_pjt:/opt/ros/humble /usr/bin/cmake /home/rokey/github_package/turtlebot4-slam-nav/turtlebot4_ws/src/turtlebot4_desktop/turtlebot4_desktop -DAMENT_CMAKE_SYMLINK_INSTALL=1 -DCMAKE_INSTALL_PREFIX=/home/rokey/github_package/turtlebot4-slam-nav/install/turtlebot4_desktop
[0.047s] -- The C compiler identification is GNU 11.4.0
[0.094s] -- The CXX compiler identification is GNU 11.4.0
[0.100s] -- Detecting C compiler ABI info
[0.155s] -- Detecting C compiler ABI info - done
[0.162s] -- Check for working C compiler: /usr/bin/cc - skipped
[0.163s] -- Detecting C compile features
[0.163s] -- Detecting C compile features - done
[0.166s] -- Detecting CXX compiler ABI info
[0.237s] -- Detecting CXX compiler ABI info - done
[0.246s] -- Check for working CXX compiler: /usr/bin/c++ - skipped
[0.246s] -- Detecting CXX compile features
[0.247s] -- Detecting CXX compile features - done
[0.249s] -- Found ament_cmake: 1.3.11 (/opt/ros/humble/share/ament_cmake/cmake)
[0.389s] -- Found Python3: /usr/bin/python3 (found version "3.10.12") found components: Interpreter 
[0.466s] -- Override CMake install command with custom implementation using symlinks instead of copying resources
[0.553s] -- Configuring done
[0.554s] -- Generating done
[0.555s] -- Build files have been written to: /home/rokey/github_package/turtlebot4-slam-nav/build/turtlebot4_desktop
[0.558s] Invoked command in '/home/rokey/github_package/turtlebot4-slam-nav/build/turtlebot4_desktop' returned '0': CMAKE_PREFIX_PATH=/home/rokey/github_package/turtlebot4-slam-nav/install/turtlebot4_viz:/home/rokey/github_package/turtlebot4-slam-nav/install/turtlebot4_description:/home/rokey/github_package/turtlebot4-slam-nav/install/turtlebot4_desktop:/home/rokey/github_package/turtlebot4-slam-nav/install/turtlebot4_node:/home/rokey/github_package/turtlebot4-slam-nav/install/turtlebot4_navigation:/home/rokey/github_package/turtlebot4-slam-nav/install/turtlebot4_msgs:/home/rokey/turtlebot4_ws/install/turtlebot4_desktop:/home/rokey/turtlebot4_ws/install/turtlebot4_viz:/home/rokey/turtlebot4_ws/install/turtlebot4_node:/home/rokey/turtlebot4_ws/install/turtlebot4_navigation:/home/rokey/turtlebot4_ws/install/turtlebot4_msgs:/home/rokey/turtlebot4_ws/install/turtlebot4_description:/home/rokey/github_package/turtlebot4-slam-nav/install/rokey_pjt:/opt/ros/humble /usr/bin/cmake /home/rokey/github_package/turtlebot4-slam-nav/turtlebot4_ws/src/turtlebot4_desktop/turtlebot4_desktop -DAMENT_CMAKE_SYMLINK_INSTALL=1 -DCMAKE_INSTALL_PREFIX=/home/rokey/github_package/turtlebot4-slam-nav/install/turtlebot4_desktop
[0.560s] Invoking command in '/home/rokey/github_package/turtlebot4-slam-nav/build/turtlebot4_desktop': CMAKE_PREFIX_PATH=/home/rokey/github_package/turtlebot4-slam-nav/install/turtlebot4_viz:/home/rokey/github_package/turtlebot4-slam-nav/install/turtlebot4_description:/home/rokey/github_package/turtlebot4-slam-nav/install/turtlebot4_desktop:/home/rokey/github_package/turtlebot4-slam-nav/install/turtlebot4_node:/home/rokey/github_package/turtlebot4-slam-nav/install/turtlebot4_navigation:/home/rokey/github_package/turtlebot4-slam-nav/install/turtlebot4_msgs:/home/rokey/turtlebot4_ws/install/turtlebot4_desktop:/home/rokey/turtlebot4_ws/install/turtlebot4_viz:/home/rokey/turtlebot4_ws/install/turtlebot4_node:/home/rokey/turtlebot4_ws/install/turtlebot4_navigation:/home/rokey/turtlebot4_ws/install/turtlebot4_msgs:/home/rokey/turtlebot4_ws/install/turtlebot4_description:/home/rokey/github_package/turtlebot4-slam-nav/install/rokey_pjt:/opt/ros/humble /usr/bin/cmake --build /home/rokey/github_package/turtlebot4-slam-nav/build/turtlebot4_desktop -- -j20 -l20
[0.585s] Invoked command in '/home/rokey/github_package/turtlebot4-slam-nav/build/turtlebot4_desktop' returned '0': CMAKE_PREFIX_PATH=/home/rokey/github_package/turtlebot4-slam-nav/install/turtlebot4_viz:/home/rokey/github_package/turtlebot4-slam-nav/install/turtlebot4_description:/home/rokey/github_package/turtlebot4-slam-nav/install/turtlebot4_desktop:/home/rokey/github_package/turtlebot4-slam-nav/install/turtlebot4_node:/home/rokey/github_package/turtlebot4-slam-nav/install/turtlebot4_navigation:/home/rokey/github_package/turtlebot4-slam-nav/install/turtlebot4_msgs:/home/rokey/turtlebot4_ws/install/turtlebot4_desktop:/home/rokey/turtlebot4_ws/install/turtlebot4_viz:/home/rokey/turtlebot4_ws/install/turtlebot4_node:/home/rokey/turtlebot4_ws/install/turtlebot4_navigation:/home/rokey/turtlebot4_ws/install/turtlebot4_msgs:/home/rokey/turtlebot4_ws/install/turtlebot4_description:/home/rokey/github_package/turtlebot4-slam-nav/install/rokey_pjt:/opt/ros/humble /usr/bin/cmake --build /home/rokey/github_package/turtlebot4-slam-nav/build/turtlebot4_desktop -- -j20 -l20
[0.586s] Invoking command in '/home/rokey/github_package/turtlebot4-slam-nav/build/turtlebot4_desktop': CMAKE_PREFIX_PATH=/home/rokey/github_package/turtlebot4-slam-nav/install/turtlebot4_viz:/home/rokey/github_package/turtlebot4-slam-nav/install/turtlebot4_description:/home/rokey/github_package/turtlebot4-slam-nav/install/turtlebot4_desktop:/home/rokey/github_package/turtlebot4-slam-nav/install/turtlebot4_node:/home/rokey/github_package/turtlebot4-slam-nav/install/turtlebot4_navigation:/home/rokey/github_package/turtlebot4-slam-nav/install/turtlebot4_msgs:/home/rokey/turtlebot4_ws/install/turtlebot4_desktop:/home/rokey/turtlebot4_ws/install/turtlebot4_viz:/home/rokey/turtlebot4_ws/install/turtlebot4_node:/home/rokey/turtlebot4_ws/install/turtlebot4_navigation:/home/rokey/turtlebot4_ws/install/turtlebot4_msgs:/home/rokey/turtlebot4_ws/install/turtlebot4_description:/home/rokey/github_package/turtlebot4-slam-nav/install/rokey_pjt:/opt/ros/humble /usr/bin/cmake --install /home/rokey/github_package/turtlebot4-slam-nav/build/turtlebot4_desktop
[0.590s] -- Install configuration: ""
[0.591s] -- Execute custom install script
[0.591s] -- Symlinking: /home/rokey/github_package/turtlebot4-slam-nav/install/turtlebot4_desktop/share/ament_index/resource_index/package_run_dependencies/turtlebot4_desktop
[0.599s] -- Symlinking: /home/rokey/github_package/turtlebot4-slam-nav/install/turtlebot4_desktop/share/ament_index/resource_index/parent_prefix_path/turtlebot4_desktop
[0.605s] -- Symlinking: /home/rokey/github_package/turtlebot4-slam-nav/install/turtlebot4_desktop/share/turtlebot4_desktop/environment/ament_prefix_path.sh
[0.610s] -- Symlinking: /home/rokey/github_package/turtlebot4-slam-nav/install/turtlebot4_desktop/share/turtlebot4_desktop/environment/ament_prefix_path.dsv
[0.616s] -- Symlinking: /home/rokey/github_package/turtlebot4-slam-nav/install/turtlebot4_desktop/share/turtlebot4_desktop/environment/path.sh
[0.622s] -- Symlinking: /home/rokey/github_package/turtlebot4-slam-nav/install/turtlebot4_desktop/share/turtlebot4_desktop/environment/path.dsv
[0.628s] -- Symlinking: /home/rokey/github_package/turtlebot4-slam-nav/install/turtlebot4_desktop/share/turtlebot4_desktop/local_setup.bash
[0.633s] -- Symlinking: /home/rokey/github_package/turtlebot4-slam-nav/install/turtlebot4_desktop/share/turtlebot4_desktop/local_setup.sh
[0.638s] -- Symlinking: /home/rokey/github_package/turtlebot4-slam-nav/install/turtlebot4_desktop/share/turtlebot4_desktop/local_setup.zsh
[0.643s] -- Symlinking: /home/rokey/github_package/turtlebot4-slam-nav/install/turtlebot4_desktop/share/turtlebot4_desktop/local_setup.dsv
[0.650s] -- Symlinking: /home/rokey/github_package/turtlebot4-slam-nav/install/turtlebot4_desktop/share/turtlebot4_desktop/package.dsv
[0.655s] -- Symlinking: /home/rokey/github_package/turtlebot4-slam-nav/install/turtlebot4_desktop/share/ament_index/resource_index/packages/turtlebot4_desktop
[0.662s] -- Symlinking: /home/rokey/github_package/turtlebot4-slam-nav/install/turtlebot4_desktop/share/turtlebot4_desktop/cmake/turtlebot4_desktopConfig.cmake
[0.668s] -- Symlinking: /home/rokey/github_package/turtlebot4-slam-nav/install/turtlebot4_desktop/share/turtlebot4_desktop/cmake/turtlebot4_desktopConfig-version.cmake
[0.675s] -- Symlinking: /home/rokey/github_package/turtlebot4-slam-nav/install/turtlebot4_desktop/share/turtlebot4_desktop/package.xml
[0.682s] Invoked command in '/home/rokey/github_package/turtlebot4-slam-nav/build/turtlebot4_desktop' returned '0': CMAKE_PREFIX_PATH=/home/rokey/github_package/turtlebot4-slam-nav/install/turtlebot4_viz:/home/rokey/github_package/turtlebot4-slam-nav/install/turtlebot4_description:/home/rokey/github_package/turtlebot4-slam-nav/install/turtlebot4_desktop:/home/rokey/github_package/turtlebot4-slam-nav/install/turtlebot4_node:/home/rokey/github_package/turtlebot4-slam-nav/install/turtlebot4_navigation:/home/rokey/github_package/turtlebot4-slam-nav/install/turtlebot4_msgs:/home/rokey/turtlebot4_ws/install/turtlebot4_desktop:/home/rokey/turtlebot4_ws/install/turtlebot4_viz:/home/rokey/turtlebot4_ws/install/turtlebot4_node:/home/rokey/turtlebot4_ws/install/turtlebot4_navigation:/home/rokey/turtlebot4_ws/install/turtlebot4_msgs:/home/rokey/turtlebot4_ws/install/turtlebot4_description:/home/rokey/github_package/turtlebot4-slam-nav/install/rokey_pjt:/opt/ros/humble /usr/bin/cmake --install /home/rokey/github_package/turtlebot4-slam-nav/build/turtlebot4_desktop
