[0.175s] Invoking command in '/home/rokey/github_package/turtlebot4-slam-nav/build/turtlebot4_navigation': CMAKE_PREFIX_PATH=${CMAKE_PREFIX_PATH}:/home/rokey/github_package/turtlebot4-slam-nav/install/rokey_pjt:/opt/ros/humble /usr/bin/cmake /home/rokey/github_package/turtlebot4-slam-nav/turtlebot4_ws/src/turtlebot4/turtlebot4_navigation -DAMENT_CMAKE_SYMLINK_INSTALL=1 -DCMAKE_INSTALL_PREFIX=/home/rokey/github_package/turtlebot4-slam-nav/install/turtlebot4_navigation
[0.213s] -- The C compiler identification is GNU 11.4.0
[0.253s] -- The CXX compiler identification is GNU 11.4.0
[0.259s] -- Detecting C compiler ABI info
[0.309s] -- Detecting C compiler ABI info - done
[0.314s] -- Check for working C compiler: /usr/bin/cc - skipped
[0.314s] -- Detecting C compile features
[0.314s] -- Detecting C compile features - done
[0.316s] -- Detecting CXX compiler ABI info
[0.372s] -- Detecting CXX compiler ABI info - done
[0.377s] -- Check for working CXX compiler: /usr/bin/c++ - skipped
[0.377s] -- Detecting CXX compile features
[0.377s] -- Detecting CXX compile features - done
[0.379s] -- Found ament_cmake: 1.3.11 (/opt/ros/humble/share/ament_cmake/cmake)
[0.486s] -- Found Python3: /usr/bin/python3 (found version "3.10.12") found components: Interpreter 
[0.529s] -- Override CMake install command with custom implementation using symlinks instead of copying resources
[0.607s] -- Found ament_lint_auto: 0.12.12 (/opt/ros/humble/share/ament_lint_auto/cmake)
[0.662s] -- Added test 'copyright' to check source files copyright and LICENSE
[0.664s] -- Added test 'flake8' to check Python code syntax and style conventions
[0.664s] -- Added test 'lint_cmake' to check CMake code style
[0.664s] -- Added test 'pep257' to check Python code against some of the docstring style conventions in PEP 257
[0.665s] -- Added test 'xmllint' to check XML markup files
[0.666s] -- Configuring done
[0.668s] -- Generating done
[0.669s] -- Build files have been written to: /home/rokey/github_package/turtlebot4-slam-nav/build/turtlebot4_navigation
[0.672s] Invoked command in '/home/rokey/github_package/turtlebot4-slam-nav/build/turtlebot4_navigation' returned '0': CMAKE_PREFIX_PATH=${CMAKE_PREFIX_PATH}:/home/rokey/github_package/turtlebot4-slam-nav/install/rokey_pjt:/opt/ros/humble /usr/bin/cmake /home/rokey/github_package/turtlebot4-slam-nav/turtlebot4_ws/src/turtlebot4/turtlebot4_navigation -DAMENT_CMAKE_SYMLINK_INSTALL=1 -DCMAKE_INSTALL_PREFIX=/home/rokey/github_package/turtlebot4-slam-nav/install/turtlebot4_navigation
[0.674s] Invoking command in '/home/rokey/github_package/turtlebot4-slam-nav/build/turtlebot4_navigation': CMAKE_PREFIX_PATH=${CMAKE_PREFIX_PATH}:/home/rokey/github_package/turtlebot4-slam-nav/install/rokey_pjt:/opt/ros/humble /usr/bin/cmake --build /home/rokey/github_package/turtlebot4-slam-nav/build/turtlebot4_navigation -- -j20 -l20
[0.714s] Built target ament_cmake_python_symlink_turtlebot4_navigation
[0.871s] running egg_info
[0.871s] creating turtlebot4_navigation.egg-info
[0.871s] writing turtlebot4_navigation.egg-info/PKG-INFO
[0.871s] writing dependency_links to turtlebot4_navigation.egg-info/dependency_links.txt
[0.871s] writing top-level names to turtlebot4_navigation.egg-info/top_level.txt
[0.871s] writing manifest file 'turtlebot4_navigation.egg-info/SOURCES.txt'
[0.872s] reading manifest file 'turtlebot4_navigation.egg-info/SOURCES.txt'
[0.873s] writing manifest file 'turtlebot4_navigation.egg-info/SOURCES.txt'
[0.891s] Built target ament_cmake_python_build_turtlebot4_navigation_egg
[0.899s] Invoked command in '/home/rokey/github_package/turtlebot4-slam-nav/build/turtlebot4_navigation' returned '0': CMAKE_PREFIX_PATH=${CMAKE_PREFIX_PATH}:/home/rokey/github_package/turtlebot4-slam-nav/install/rokey_pjt:/opt/ros/humble /usr/bin/cmake --build /home/rokey/github_package/turtlebot4-slam-nav/build/turtlebot4_navigation -- -j20 -l20
[0.900s] Invoking command in '/home/rokey/github_package/turtlebot4-slam-nav/build/turtlebot4_navigation': CMAKE_PREFIX_PATH=${CMAKE_PREFIX_PATH}:/home/rokey/github_package/turtlebot4-slam-nav/install/rokey_pjt:/opt/ros/humble /usr/bin/cmake --install /home/rokey/github_package/turtlebot4-slam-nav/build/turtlebot4_navigation
[0.905s] -- Install configuration: ""
[0.905s] -- Execute custom install script
[0.905s] -- Symlinking: /home/rokey/github_package/turtlebot4-slam-nav/install/turtlebot4_navigation/share/turtlebot4_navigation/config/localization.yaml
[0.912s] -- Symlinking: /home/rokey/github_package/turtlebot4-slam-nav/install/turtlebot4_navigation/share/turtlebot4_navigation/config/nav2.yaml
[0.920s] -- Symlinking: /home/rokey/github_package/turtlebot4-slam-nav/install/turtlebot4_navigation/share/turtlebot4_navigation/config/slam.yaml
[0.928s] -- Symlinking: /home/rokey/github_package/turtlebot4-slam-nav/install/turtlebot4_navigation/share/turtlebot4_navigation/launch/localization.launch.py
[0.935s] -- Symlinking: /home/rokey/github_package/turtlebot4-slam-nav/install/turtlebot4_navigation/share/turtlebot4_navigation/launch/nav2.launch.py
[0.941s] -- Symlinking: /home/rokey/github_package/turtlebot4-slam-nav/install/turtlebot4_navigation/share/turtlebot4_navigation/launch/slam.launch.py
[0.948s] -- Symlinking: /home/rokey/github_package/turtlebot4-slam-nav/install/turtlebot4_navigation/share/turtlebot4_navigation/maps/depot.pgm
[0.954s] -- Symlinking: /home/rokey/github_package/turtlebot4-slam-nav/install/turtlebot4_navigation/share/turtlebot4_navigation/maps/depot.yaml
[0.959s] -- Symlinking: /home/rokey/github_package/turtlebot4-slam-nav/install/turtlebot4_navigation/share/turtlebot4_navigation/maps/maze.pgm
[0.965s] -- Symlinking: /home/rokey/github_package/turtlebot4-slam-nav/install/turtlebot4_navigation/share/turtlebot4_navigation/maps/maze.yaml
[0.970s] -- Symlinking: /home/rokey/github_package/turtlebot4-slam-nav/install/turtlebot4_navigation/share/turtlebot4_navigation/maps/warehouse.pgm
[0.976s] -- Symlinking: /home/rokey/github_package/turtlebot4-slam-nav/install/turtlebot4_navigation/share/turtlebot4_navigation/maps/warehouse.yaml
[0.982s] -- Symlinking: /home/rokey/github_package/turtlebot4-slam-nav/install/turtlebot4_navigation/share/turtlebot4_navigation/environment/pythonpath.sh
[0.988s] -- Symlinking: /home/rokey/github_package/turtlebot4-slam-nav/install/turtlebot4_navigation/share/turtlebot4_navigation/environment/pythonpath.dsv
[0.993s] -- Symlinking: /home/rokey/github_package/turtlebot4-slam-nav/install/turtlebot4_navigation/local/lib/python3.10/dist-packages/turtlebot4_navigation-1.0.5-py3.10.egg-info/PKG-INFO
[0.999s] -- Symlinking: /home/rokey/github_package/turtlebot4-slam-nav/install/turtlebot4_navigation/local/lib/python3.10/dist-packages/turtlebot4_navigation-1.0.5-py3.10.egg-info/SOURCES.txt
[1.004s] -- Symlinking: /home/rokey/github_package/turtlebot4-slam-nav/install/turtlebot4_navigation/local/lib/python3.10/dist-packages/turtlebot4_navigation-1.0.5-py3.10.egg-info/dependency_links.txt
[1.010s] -- Symlinking: /home/rokey/github_package/turtlebot4-slam-nav/install/turtlebot4_navigation/local/lib/python3.10/dist-packages/turtlebot4_navigation-1.0.5-py3.10.egg-info/top_level.txt
[1.017s] -- Symlinking: /home/rokey/github_package/turtlebot4-slam-nav/install/turtlebot4_navigation/local/lib/python3.10/dist-packages/turtlebot4_navigation/__init__.py
[1.023s] -- Symlinking: /home/rokey/github_package/turtlebot4-slam-nav/install/turtlebot4_navigation/local/lib/python3.10/dist-packages/turtlebot4_navigation/turtlebot4_navigator.py
[1.029s] -- Symlinking: /home/rokey/github_package/turtlebot4-slam-nav/install/turtlebot4_navigation/local/lib/python3.10/dist-packages/turtlebot4_navigator.py
[1.036s] -- Symlinking: /home/rokey/github_package/turtlebot4-slam-nav/install/turtlebot4_navigation/share/ament_index/resource_index/package_run_dependencies/turtlebot4_navigation
[1.042s] -- Symlinking: /home/rokey/github_package/turtlebot4-slam-nav/install/turtlebot4_navigation/share/ament_index/resource_index/parent_prefix_path/turtlebot4_navigation
[1.048s] -- Symlinking: /home/rokey/github_package/turtlebot4-slam-nav/install/turtlebot4_navigation/share/turtlebot4_navigation/environment/ament_prefix_path.sh
[1.055s] -- Symlinking: /home/rokey/github_package/turtlebot4-slam-nav/install/turtlebot4_navigation/share/turtlebot4_navigation/environment/ament_prefix_path.dsv
[1.061s] -- Symlinking: /home/rokey/github_package/turtlebot4-slam-nav/install/turtlebot4_navigation/share/turtlebot4_navigation/environment/path.sh
[1.067s] -- Symlinking: /home/rokey/github_package/turtlebot4-slam-nav/install/turtlebot4_navigation/share/turtlebot4_navigation/environment/path.dsv
[1.072s] -- Symlinking: /home/rokey/github_package/turtlebot4-slam-nav/install/turtlebot4_navigation/share/turtlebot4_navigation/local_setup.bash
[1.078s] -- Symlinking: /home/rokey/github_package/turtlebot4-slam-nav/install/turtlebot4_navigation/share/turtlebot4_navigation/local_setup.sh
[1.083s] -- Symlinking: /home/rokey/github_package/turtlebot4-slam-nav/install/turtlebot4_navigation/share/turtlebot4_navigation/local_setup.zsh
[1.087s] -- Symlinking: /home/rokey/github_package/turtlebot4-slam-nav/install/turtlebot4_navigation/share/turtlebot4_navigation/local_setup.dsv
[1.092s] -- Symlinking: /home/rokey/github_package/turtlebot4-slam-nav/install/turtlebot4_navigation/share/turtlebot4_navigation/package.dsv
[1.098s] -- Symlinking: /home/rokey/github_package/turtlebot4-slam-nav/install/turtlebot4_navigation/share/ament_index/resource_index/packages/turtlebot4_navigation
[1.103s] -- Symlinking: /home/rokey/github_package/turtlebot4-slam-nav/install/turtlebot4_navigation/share/turtlebot4_navigation/cmake/turtlebot4_navigationConfig.cmake
[1.110s] -- Symlinking: /home/rokey/github_package/turtlebot4-slam-nav/install/turtlebot4_navigation/share/turtlebot4_navigation/cmake/turtlebot4_navigationConfig-version.cmake
[1.117s] -- Symlinking: /home/rokey/github_package/turtlebot4-slam-nav/install/turtlebot4_navigation/share/turtlebot4_navigation/package.xml
[1.146s] Listing '/home/rokey/github_package/turtlebot4-slam-nav/install/turtlebot4_navigation/local/lib/python3.10/dist-packages/turtlebot4_navigation'...
[1.146s] Compiling '/home/rokey/github_package/turtlebot4-slam-nav/install/turtlebot4_navigation/local/lib/python3.10/dist-packages/turtlebot4_navigation/__init__.py'...
[1.147s] Compiling '/home/rokey/github_package/turtlebot4-slam-nav/install/turtlebot4_navigation/local/lib/python3.10/dist-packages/turtlebot4_navigation/turtlebot4_navigator.py'...
[1.173s] Compiling '/home/rokey/github_package/turtlebot4-slam-nav/install/turtlebot4_navigation/local/lib/python3.10/dist-packages/turtlebot4_navigator.py'...
[1.178s] Invoked command in '/home/rokey/github_package/turtlebot4-slam-nav/build/turtlebot4_navigation' returned '0': CMAKE_PREFIX_PATH=${CMAKE_PREFIX_PATH}:/home/rokey/github_package/turtlebot4-slam-nav/install/rokey_pjt:/opt/ros/humble /usr/bin/cmake --install /home/rokey/github_package/turtlebot4-slam-nav/build/turtlebot4_navigation
