[0.014s] Invoking command in '/home/rokey/github_package/turtlebot4-slam-nav/build/turtlebot4_description': CMAKE_PREFIX_PATH=${CMAKE_PREFIX_PATH}:/home/rokey/github_package/turtlebot4-slam-nav/install/rokey_pjt:/opt/ros/humble /usr/bin/cmake /home/rokey/github_package/turtlebot4-slam-nav/turtlebot4_ws/src/turtlebot4/turtlebot4_description -DAMENT_CMAKE_SYMLINK_INSTALL=1 -DCMAKE_INSTALL_PREFIX=/home/rokey/github_package/turtlebot4-slam-nav/install/turtlebot4_description
[0.182s] -- The C compiler identification is GNU 11.4.0
[0.182s] -- The CXX compiler identification is GNU 11.4.0
[0.182s] -- Detecting C compiler ABI info
[0.182s] -- Detecting C compiler ABI info - done
[0.183s] -- Check for working C compiler: /usr/bin/cc - skipped
[0.183s] -- Detecting C compile features
[0.183s] -- Detecting C compile features - done
[0.183s] -- Detecting CXX compiler ABI info
[0.215s] -- Detecting CXX compiler ABI info - done
[0.220s] -- Check for working CXX compiler: /usr/bin/c++ - skipped
[0.220s] -- Detecting CXX compile features
[0.220s] -- Detecting CXX compile features - done
[0.222s] -- Found ament_cmake: 1.3.11 (/opt/ros/humble/share/ament_cmake/cmake)
[0.334s] -- Found Python3: /usr/bin/python3 (found version "3.10.12") found components: Interpreter 
[0.382s] -- Override CMake install command with custom implementation using symlinks instead of copying resources
[0.403s] -- Found urdf: 2.6.1 (/opt/ros/humble/share/urdf/cmake)
[0.440s] -- Found irobot_create_description: 2.1.0 (/opt/ros/humble/share/irobot_create_description/cmake)
[0.441s] -- Found ament_lint_auto: 0.12.12 (/opt/ros/humble/share/ament_lint_auto/cmake)
[0.496s] -- Added test 'copyright' to check source files copyright and LICENSE
[0.499s] -- Added test 'flake8' to check Python code syntax and style conventions
[0.499s] -- Added test 'lint_cmake' to check CMake code style
[0.499s] -- Added test 'pep257' to check Python code against some of the docstring style conventions in PEP 257
[0.500s] -- Added test 'xmllint' to check XML markup files
[0.502s] -- Configuring done
[0.504s] -- Generating done
[0.505s] -- Build files have been written to: /home/rokey/github_package/turtlebot4-slam-nav/build/turtlebot4_description
[0.509s] Invoked command in '/home/rokey/github_package/turtlebot4-slam-nav/build/turtlebot4_description' returned '0': CMAKE_PREFIX_PATH=${CMAKE_PREFIX_PATH}:/home/rokey/github_package/turtlebot4-slam-nav/install/rokey_pjt:/opt/ros/humble /usr/bin/cmake /home/rokey/github_package/turtlebot4-slam-nav/turtlebot4_ws/src/turtlebot4/turtlebot4_description -DAMENT_CMAKE_SYMLINK_INSTALL=1 -DCMAKE_INSTALL_PREFIX=/home/rokey/github_package/turtlebot4-slam-nav/install/turtlebot4_description
[0.511s] Invoking command in '/home/rokey/github_package/turtlebot4-slam-nav/build/turtlebot4_description': CMAKE_PREFIX_PATH=${CMAKE_PREFIX_PATH}:/home/rokey/github_package/turtlebot4-slam-nav/install/rokey_pjt:/opt/ros/humble /usr/bin/cmake --build /home/rokey/github_package/turtlebot4-slam-nav/build/turtlebot4_description -- -j20 -l20
[0.540s] Invoked command in '/home/rokey/github_package/turtlebot4-slam-nav/build/turtlebot4_description' returned '0': CMAKE_PREFIX_PATH=${CMAKE_PREFIX_PATH}:/home/rokey/github_package/turtlebot4-slam-nav/install/rokey_pjt:/opt/ros/humble /usr/bin/cmake --build /home/rokey/github_package/turtlebot4-slam-nav/build/turtlebot4_description -- -j20 -l20
[0.546s] Invoking command in '/home/rokey/github_package/turtlebot4-slam-nav/build/turtlebot4_description': CMAKE_PREFIX_PATH=${CMAKE_PREFIX_PATH}:/home/rokey/github_package/turtlebot4-slam-nav/install/rokey_pjt:/opt/ros/humble /usr/bin/cmake --install /home/rokey/github_package/turtlebot4-slam-nav/build/turtlebot4_description
[0.551s] -- Install configuration: ""
[0.552s] -- Execute custom install script
[0.552s] -- Symlinking: /home/rokey/github_package/turtlebot4-slam-nav/install/turtlebot4_description/share/turtlebot4_description/launch/robot_description.launch.py
[0.557s] -- Symlinking: /home/rokey/github_package/turtlebot4-slam-nav/install/turtlebot4_description/share/turtlebot4_description/meshes/camera_bracket.dae
[0.563s] -- Symlinking: /home/rokey/github_package/turtlebot4-slam-nav/install/turtlebot4_description/share/turtlebot4_description/meshes/oakd_lite.dae
[0.569s] -- Symlinking: /home/rokey/github_package/turtlebot4-slam-nav/install/turtlebot4_description/share/turtlebot4_description/meshes/oakd_pro.dae
[0.575s] -- Symlinking: /home/rokey/github_package/turtlebot4-slam-nav/install/turtlebot4_description/share/turtlebot4_description/meshes/rplidar.dae
[0.581s] -- Symlinking: /home/rokey/github_package/turtlebot4-slam-nav/install/turtlebot4_description/share/turtlebot4_description/meshes/shell.dae
[0.587s] -- Symlinking: /home/rokey/github_package/turtlebot4-slam-nav/install/turtlebot4_description/share/turtlebot4_description/meshes/shell_collision.dae
[0.592s] -- Symlinking: /home/rokey/github_package/turtlebot4-slam-nav/install/turtlebot4_description/share/turtlebot4_description/meshes/tower.dae
[0.599s] -- Symlinking: /home/rokey/github_package/turtlebot4-slam-nav/install/turtlebot4_description/share/turtlebot4_description/meshes/tower_sensor_plate.dae
[0.605s] -- Symlinking: /home/rokey/github_package/turtlebot4-slam-nav/install/turtlebot4_description/share/turtlebot4_description/meshes/tower_standoff.dae
[0.611s] -- Symlinking: /home/rokey/github_package/turtlebot4-slam-nav/install/turtlebot4_description/share/turtlebot4_description/meshes/weight_block.dae
[0.617s] -- Symlinking: /home/rokey/github_package/turtlebot4-slam-nav/install/turtlebot4_description/share/turtlebot4_description/urdf/lite/turtlebot4.urdf.xacro
[0.624s] -- Symlinking: /home/rokey/github_package/turtlebot4-slam-nav/install/turtlebot4_description/share/turtlebot4_description/urdf/sensors/camera_bracket.urdf.xacro
[0.631s] -- Symlinking: /home/rokey/github_package/turtlebot4-slam-nav/install/turtlebot4_description/share/turtlebot4_description/urdf/sensors/oakd.urdf.xacro
[0.637s] -- Symlinking: /home/rokey/github_package/turtlebot4-slam-nav/install/turtlebot4_description/share/turtlebot4_description/urdf/sensors/rplidar.urdf.xacro
[0.644s] -- Symlinking: /home/rokey/github_package/turtlebot4-slam-nav/install/turtlebot4_description/share/turtlebot4_description/urdf/standard/tower_sensor_plate.urdf.xacro
[0.650s] -- Symlinking: /home/rokey/github_package/turtlebot4-slam-nav/install/turtlebot4_description/share/turtlebot4_description/urdf/standard/tower_standoff.urdf.xacro
[0.657s] -- Symlinking: /home/rokey/github_package/turtlebot4-slam-nav/install/turtlebot4_description/share/turtlebot4_description/urdf/standard/turtlebot4.urdf.xacro
[0.662s] -- Symlinking: /home/rokey/github_package/turtlebot4-slam-nav/install/turtlebot4_description/share/turtlebot4_description/urdf/standard/weight_block.urdf.xacro
[0.669s] -- Symlinking: /home/rokey/github_package/turtlebot4-slam-nav/install/turtlebot4_description/share/ament_index/resource_index/package_run_dependencies/turtlebot4_description
[0.675s] -- Symlinking: /home/rokey/github_package/turtlebot4-slam-nav/install/turtlebot4_description/share/ament_index/resource_index/parent_prefix_path/turtlebot4_description
[0.682s] -- Symlinking: /home/rokey/github_package/turtlebot4-slam-nav/install/turtlebot4_description/share/turtlebot4_description/environment/ament_prefix_path.sh
[0.689s] -- Symlinking: /home/rokey/github_package/turtlebot4-slam-nav/install/turtlebot4_description/share/turtlebot4_description/environment/ament_prefix_path.dsv
[0.696s] -- Symlinking: /home/rokey/github_package/turtlebot4-slam-nav/install/turtlebot4_description/share/turtlebot4_description/environment/path.sh
[0.703s] -- Symlinking: /home/rokey/github_package/turtlebot4-slam-nav/install/turtlebot4_description/share/turtlebot4_description/environment/path.dsv
[0.709s] -- Symlinking: /home/rokey/github_package/turtlebot4-slam-nav/install/turtlebot4_description/share/turtlebot4_description/local_setup.bash
[0.715s] -- Symlinking: /home/rokey/github_package/turtlebot4-slam-nav/install/turtlebot4_description/share/turtlebot4_description/local_setup.sh
[0.722s] -- Symlinking: /home/rokey/github_package/turtlebot4-slam-nav/install/turtlebot4_description/share/turtlebot4_description/local_setup.zsh
[0.728s] -- Symlinking: /home/rokey/github_package/turtlebot4-slam-nav/install/turtlebot4_description/share/turtlebot4_description/local_setup.dsv
[0.734s] -- Symlinking: /home/rokey/github_package/turtlebot4-slam-nav/install/turtlebot4_description/share/turtlebot4_description/package.dsv
[0.739s] -- Symlinking: /home/rokey/github_package/turtlebot4-slam-nav/install/turtlebot4_description/share/ament_index/resource_index/packages/turtlebot4_description
[0.745s] -- Symlinking: /home/rokey/github_package/turtlebot4-slam-nav/install/turtlebot4_description/share/turtlebot4_description/cmake/turtlebot4_descriptionConfig.cmake
[0.751s] -- Symlinking: /home/rokey/github_package/turtlebot4-slam-nav/install/turtlebot4_description/share/turtlebot4_description/cmake/turtlebot4_descriptionConfig-version.cmake
[0.757s] -- Symlinking: /home/rokey/github_package/turtlebot4-slam-nav/install/turtlebot4_description/share/turtlebot4_description/package.xml
[0.765s] Invoked command in '/home/rokey/github_package/turtlebot4-slam-nav/build/turtlebot4_description' returned '0': CMAKE_PREFIX_PATH=${CMAKE_PREFIX_PATH}:/home/rokey/github_package/turtlebot4-slam-nav/install/rokey_pjt:/opt/ros/humble /usr/bin/cmake --install /home/rokey/github_package/turtlebot4-slam-nav/build/turtlebot4_description
