[0.008s] Invoking command in '/home/rokey/github_package/turtlebot4-slam-nav/build/turtlebot4_node': CMAKE_PREFIX_PATH=/home/rokey/github_package/turtlebot4-slam-nav/install/turtlebot4_msgs:/home/rokey/github_package/turtlebot4-slam-nav/install/turtlebot4_desktop:/home/rokey/github_package/turtlebot4-slam-nav/install/turtlebot4_viz:/home/rokey/github_package/turtlebot4-slam-nav/install/turtlebot4_node:/home/rokey/github_package/turtlebot4-slam-nav/install/turtlebot4_navigation:/home/rokey/github_package/turtlebot4-slam-nav/install/turtlebot4_description:/home/rokey/turtlebot4_ws/install/turtlebot4_desktop:/home/rokey/turtlebot4_ws/install/turtlebot4_viz:/home/rokey/turtlebot4_ws/install/turtlebot4_node:/home/rokey/turtlebot4_ws/install/turtlebot4_navigation:/home/rokey/turtlebot4_ws/install/turtlebot4_msgs:/home/rokey/turtlebot4_ws/install/turtlebot4_description:/home/rokey/github_package/turtlebot4-slam-nav/install/rokey_pjt:/opt/ros/humble /usr/bin/cmake /home/rokey/github_package/turtlebot4-slam-nav/turtlebot4_ws/src/turtlebot4/turtlebot4_node -DAMENT_CMAKE_SYMLINK_INSTALL=1 -DCMAKE_INSTALL_PREFIX=/home/rokey/github_package/turtlebot4-slam-nav/install/turtlebot4_node
[0.058s] -- The C compiler identification is GNU 11.4.0
[0.095s] -- The CXX compiler identification is GNU 11.4.0
[0.100s] -- Detecting C compiler ABI info
[0.154s] -- Detecting C compiler ABI info - done
[0.161s] -- Check for working C compiler: /usr/bin/cc - skipped
[0.161s] -- Detecting C compile features
[0.161s] -- Detecting C compile features - done
[0.164s] -- Detecting CXX compiler ABI info
[0.224s] -- Detecting CXX compiler ABI info - done
[0.228s] -- Check for working CXX compiler: /usr/bin/c++ - skipped
[0.228s] -- Detecting CXX compile features
[0.229s] -- Detecting CXX compile features - done
[0.231s] -- Found ament_cmake: 1.3.11 (/opt/ros/humble/share/ament_cmake/cmake)
[0.341s] -- Found Python3: /usr/bin/python3 (found version "3.10.12") found components: Interpreter 
[0.385s] -- Override CMake install command with custom implementation using symlinks instead of copying resources
[0.407s] -- Found rclcpp: 16.0.12 (/opt/ros/humble/share/rclcpp/cmake)
[0.437s] -- Found rosidl_generator_c: 3.1.6 (/opt/ros/humble/share/rosidl_generator_c/cmake)
[0.440s] -- Found rosidl_adapter: 3.1.6 (/opt/ros/humble/share/rosidl_adapter/cmake)
[0.446s] -- Found rosidl_generator_cpp: 3.1.6 (/opt/ros/humble/share/rosidl_generator_cpp/cmake)
[0.454s] -- Using all available rosidl_typesupport_c: rosidl_typesupport_fastrtps_c;rosidl_typesupport_introspection_c
[0.465s] -- Using all available rosidl_typesupport_cpp: rosidl_typesupport_fastrtps_cpp;rosidl_typesupport_introspection_cpp
[0.496s] -- Found rmw_implementation_cmake: 6.1.2 (/opt/ros/humble/share/rmw_implementation_cmake/cmake)
[0.498s] -- Found rmw_fastrtps_cpp: 6.2.7 (/opt/ros/humble/share/rmw_fastrtps_cpp/cmake)
[0.571s] -- Found OpenSSL: /usr/lib/x86_64-linux-gnu/libcrypto.so (found version "3.0.2")  
[0.590s] -- Found FastRTPS: /opt/ros/humble/include  
[0.622s] -- Using RMW implementation 'rmw_fastrtps_cpp' as default
[0.629s] -- Looking for pthread.h
[0.684s] -- Looking for pthread.h - found
[0.685s] -- Performing Test CMAKE_HAVE_LIBC_PTHREAD
[0.751s] -- Performing Test CMAKE_HAVE_LIBC_PTHREAD - Success
[0.752s] -- Found Threads: TRUE  
[0.787s] -- Found rclcpp_action: 16.0.12 (/opt/ros/humble/share/rclcpp_action/cmake)
[0.809s] -- Found std_srvs: 4.9.0 (/opt/ros/humble/share/std_srvs/cmake)
[0.816s] -- Found sensor_msgs: 4.9.0 (/opt/ros/humble/share/sensor_msgs/cmake)
[0.835s] -- Found irobot_create_msgs: 2.1.0 (/opt/ros/humble/share/irobot_create_msgs/cmake)
[0.848s] -- Found turtlebot4_msgs: 1.0.5 (/home/rokey/github_package/turtlebot4-slam-nav/install/turtlebot4_msgs/share/turtlebot4_msgs/cmake)
[0.859s] -- Found ament_lint_auto: 0.12.12 (/opt/ros/humble/share/ament_lint_auto/cmake)
[0.916s] -- Added test 'cppcheck' to perform static code analysis on C / C++ code
[0.916s] -- Configured cppcheck include dirs: /home/rokey/github_package/turtlebot4-slam-nav/turtlebot4_ws/src/turtlebot4/turtlebot4_node/include
[0.916s] -- Configured cppcheck exclude dirs and/or files: 
[0.916s] -- Added test 'cpplint' to check C / C++ code against the Google style
[0.916s] -- Configured cpplint exclude dirs and/or files: 
[0.917s] -- Added test 'lint_cmake' to check CMake code style
[0.918s] -- Added test 'uncrustify' to check C / C++ code style
[0.918s] -- Configured uncrustify additional arguments: 
[0.918s] -- Added test 'xmllint' to check XML markup files
[0.919s] -- Configuring done
[0.928s] -- Generating done
[0.931s] -- Build files have been written to: /home/rokey/github_package/turtlebot4-slam-nav/build/turtlebot4_node
[0.939s] Invoked command in '/home/rokey/github_package/turtlebot4-slam-nav/build/turtlebot4_node' returned '0': CMAKE_PREFIX_PATH=/home/rokey/github_package/turtlebot4-slam-nav/install/turtlebot4_msgs:/home/rokey/github_package/turtlebot4-slam-nav/install/turtlebot4_desktop:/home/rokey/github_package/turtlebot4-slam-nav/install/turtlebot4_viz:/home/rokey/github_package/turtlebot4-slam-nav/install/turtlebot4_node:/home/rokey/github_package/turtlebot4-slam-nav/install/turtlebot4_navigation:/home/rokey/github_package/turtlebot4-slam-nav/install/turtlebot4_description:/home/rokey/turtlebot4_ws/install/turtlebot4_desktop:/home/rokey/turtlebot4_ws/install/turtlebot4_viz:/home/rokey/turtlebot4_ws/install/turtlebot4_node:/home/rokey/turtlebot4_ws/install/turtlebot4_navigation:/home/rokey/turtlebot4_ws/install/turtlebot4_msgs:/home/rokey/turtlebot4_ws/install/turtlebot4_description:/home/rokey/github_package/turtlebot4-slam-nav/install/rokey_pjt:/opt/ros/humble /usr/bin/cmake /home/rokey/github_package/turtlebot4-slam-nav/turtlebot4_ws/src/turtlebot4/turtlebot4_node -DAMENT_CMAKE_SYMLINK_INSTALL=1 -DCMAKE_INSTALL_PREFIX=/home/rokey/github_package/turtlebot4-slam-nav/install/turtlebot4_node
[0.940s] Invoking command in '/home/rokey/github_package/turtlebot4-slam-nav/build/turtlebot4_node': CMAKE_PREFIX_PATH=/home/rokey/github_package/turtlebot4-slam-nav/install/turtlebot4_msgs:/home/rokey/github_package/turtlebot4-slam-nav/install/turtlebot4_desktop:/home/rokey/github_package/turtlebot4-slam-nav/install/turtlebot4_viz:/home/rokey/github_package/turtlebot4-slam-nav/install/turtlebot4_node:/home/rokey/github_package/turtlebot4-slam-nav/install/turtlebot4_navigation:/home/rokey/github_package/turtlebot4-slam-nav/install/turtlebot4_description:/home/rokey/turtlebot4_ws/install/turtlebot4_desktop:/home/rokey/turtlebot4_ws/install/turtlebot4_viz:/home/rokey/turtlebot4_ws/install/turtlebot4_node:/home/rokey/turtlebot4_ws/install/turtlebot4_navigation:/home/rokey/turtlebot4_ws/install/turtlebot4_msgs:/home/rokey/turtlebot4_ws/install/turtlebot4_description:/home/rokey/github_package/turtlebot4-slam-nav/install/rokey_pjt:/opt/ros/humble /usr/bin/cmake --build /home/rokey/github_package/turtlebot4-slam-nav/build/turtlebot4_node -- -j20 -l20
[0.977s] [ 12%] [32mBuilding CXX object CMakeFiles/turtlebot4_node_lib.dir/src/leds.cpp.o[0m
[0.977s] [ 37%] [32mBuilding CXX object CMakeFiles/turtlebot4_node_lib.dir/src/main.cpp.o[0m
[0.977s] [ 37%] [32mBuilding CXX object CMakeFiles/turtlebot4_node_lib.dir/src/display.cpp.o[0m
[0.977s] [ 50%] [32mBuilding CXX object CMakeFiles/turtlebot4_node_lib.dir/src/turtlebot4.cpp.o[0m
[0.978s] [ 62%] [32mBuilding CXX object CMakeFiles/turtlebot4_node_lib.dir/src/buttons.cpp.o[0m
[14.731s] [ 75%] [32m[1mLinking CXX static library libturtlebot4_node_lib.a[0m
[15.293s] [ 75%] Built target turtlebot4_node_lib
[15.312s] [ 87%] [32mBuilding CXX object CMakeFiles/turtlebot4_node.dir/src/main.cpp.o[0m
[18.145s] [100%] [32m[1mLinking CXX executable turtlebot4_node[0m
[19.674s] [100%] Built target turtlebot4_node
[19.682s] Invoked command in '/home/rokey/github_package/turtlebot4-slam-nav/build/turtlebot4_node' returned '0': CMAKE_PREFIX_PATH=/home/rokey/github_package/turtlebot4-slam-nav/install/turtlebot4_msgs:/home/rokey/github_package/turtlebot4-slam-nav/install/turtlebot4_desktop:/home/rokey/github_package/turtlebot4-slam-nav/install/turtlebot4_viz:/home/rokey/github_package/turtlebot4-slam-nav/install/turtlebot4_node:/home/rokey/github_package/turtlebot4-slam-nav/install/turtlebot4_navigation:/home/rokey/github_package/turtlebot4-slam-nav/install/turtlebot4_description:/home/rokey/turtlebot4_ws/install/turtlebot4_desktop:/home/rokey/turtlebot4_ws/install/turtlebot4_viz:/home/rokey/turtlebot4_ws/install/turtlebot4_node:/home/rokey/turtlebot4_ws/install/turtlebot4_navigation:/home/rokey/turtlebot4_ws/install/turtlebot4_msgs:/home/rokey/turtlebot4_ws/install/turtlebot4_description:/home/rokey/github_package/turtlebot4-slam-nav/install/rokey_pjt:/opt/ros/humble /usr/bin/cmake --build /home/rokey/github_package/turtlebot4-slam-nav/build/turtlebot4_node -- -j20 -l20
[19.683s] Invoking command in '/home/rokey/github_package/turtlebot4-slam-nav/build/turtlebot4_node': CMAKE_PREFIX_PATH=/home/rokey/github_package/turtlebot4-slam-nav/install/turtlebot4_msgs:/home/rokey/github_package/turtlebot4-slam-nav/install/turtlebot4_desktop:/home/rokey/github_package/turtlebot4-slam-nav/install/turtlebot4_viz:/home/rokey/github_package/turtlebot4-slam-nav/install/turtlebot4_node:/home/rokey/github_package/turtlebot4-slam-nav/install/turtlebot4_navigation:/home/rokey/github_package/turtlebot4-slam-nav/install/turtlebot4_description:/home/rokey/turtlebot4_ws/install/turtlebot4_desktop:/home/rokey/turtlebot4_ws/install/turtlebot4_viz:/home/rokey/turtlebot4_ws/install/turtlebot4_node:/home/rokey/turtlebot4_ws/install/turtlebot4_navigation:/home/rokey/turtlebot4_ws/install/turtlebot4_msgs:/home/rokey/turtlebot4_ws/install/turtlebot4_description:/home/rokey/github_package/turtlebot4-slam-nav/install/rokey_pjt:/opt/ros/humble /usr/bin/cmake --install /home/rokey/github_package/turtlebot4-slam-nav/build/turtlebot4_node
[19.689s] -- Install configuration: ""
[19.689s] -- Execute custom install script
[19.689s] -- Symlinking: /home/rokey/github_package/turtlebot4-slam-nav/install/turtlebot4_node/lib/turtlebot4_node/turtlebot4_node
[19.695s] -- Symlinking: /home/rokey/github_package/turtlebot4-slam-nav/install/turtlebot4_node/include/turtlebot4_node/action.hpp
[19.701s] -- Symlinking: /home/rokey/github_package/turtlebot4-slam-nav/install/turtlebot4_node/include/turtlebot4_node/buttons.hpp
[19.708s] -- Symlinking: /home/rokey/github_package/turtlebot4-slam-nav/install/turtlebot4_node/include/turtlebot4_node/display.hpp
[19.715s] -- Symlinking: /home/rokey/github_package/turtlebot4-slam-nav/install/turtlebot4_node/include/turtlebot4_node/leds.hpp
[19.724s] -- Symlinking: /home/rokey/github_package/turtlebot4-slam-nav/install/turtlebot4_node/include/turtlebot4_node/service.hpp
[19.729s] -- Symlinking: /home/rokey/github_package/turtlebot4-slam-nav/install/turtlebot4_node/include/turtlebot4_node/turtlebot4.hpp
[19.734s] -- Symlinking: /home/rokey/github_package/turtlebot4-slam-nav/install/turtlebot4_node/include/turtlebot4_node/utils.hpp
[19.742s] -- Symlinking: /home/rokey/github_package/turtlebot4-slam-nav/install/turtlebot4_node/share/ament_index/resource_index/package_run_dependencies/turtlebot4_node
[19.748s] -- Symlinking: /home/rokey/github_package/turtlebot4-slam-nav/install/turtlebot4_node/share/ament_index/resource_index/parent_prefix_path/turtlebot4_node
[19.757s] -- Symlinking: /home/rokey/github_package/turtlebot4-slam-nav/install/turtlebot4_node/share/turtlebot4_node/environment/ament_prefix_path.sh
[19.765s] -- Symlinking: /home/rokey/github_package/turtlebot4-slam-nav/install/turtlebot4_node/share/turtlebot4_node/environment/ament_prefix_path.dsv
[19.773s] -- Symlinking: /home/rokey/github_package/turtlebot4-slam-nav/install/turtlebot4_node/share/turtlebot4_node/environment/path.sh
[19.778s] -- Symlinking: /home/rokey/github_package/turtlebot4-slam-nav/install/turtlebot4_node/share/turtlebot4_node/environment/path.dsv
[19.783s] -- Symlinking: /home/rokey/github_package/turtlebot4-slam-nav/install/turtlebot4_node/share/turtlebot4_node/local_setup.bash
[19.790s] -- Symlinking: /home/rokey/github_package/turtlebot4-slam-nav/install/turtlebot4_node/share/turtlebot4_node/local_setup.sh
[19.797s] -- Symlinking: /home/rokey/github_package/turtlebot4-slam-nav/install/turtlebot4_node/share/turtlebot4_node/local_setup.zsh
[19.803s] -- Symlinking: /home/rokey/github_package/turtlebot4-slam-nav/install/turtlebot4_node/share/turtlebot4_node/local_setup.dsv
[19.809s] -- Symlinking: /home/rokey/github_package/turtlebot4-slam-nav/install/turtlebot4_node/share/turtlebot4_node/package.dsv
[19.815s] -- Symlinking: /home/rokey/github_package/turtlebot4-slam-nav/install/turtlebot4_node/share/ament_index/resource_index/packages/turtlebot4_node
[19.822s] -- Symlinking: /home/rokey/github_package/turtlebot4-slam-nav/install/turtlebot4_node/share/turtlebot4_node/cmake/ament_cmake_export_include_directories-extras.cmake
[19.831s] -- Symlinking: /home/rokey/github_package/turtlebot4-slam-nav/install/turtlebot4_node/share/turtlebot4_node/cmake/turtlebot4_nodeConfig.cmake
[19.840s] -- Symlinking: /home/rokey/github_package/turtlebot4-slam-nav/install/turtlebot4_node/share/turtlebot4_node/cmake/turtlebot4_nodeConfig-version.cmake
[19.850s] -- Symlinking: /home/rokey/github_package/turtlebot4-slam-nav/install/turtlebot4_node/share/turtlebot4_node/package.xml
[19.862s] Invoked command in '/home/rokey/github_package/turtlebot4-slam-nav/build/turtlebot4_node' returned '0': CMAKE_PREFIX_PATH=/home/rokey/github_package/turtlebot4-slam-nav/install/turtlebot4_msgs:/home/rokey/github_package/turtlebot4-slam-nav/install/turtlebot4_desktop:/home/rokey/github_package/turtlebot4-slam-nav/install/turtlebot4_viz:/home/rokey/github_package/turtlebot4-slam-nav/install/turtlebot4_node:/home/rokey/github_package/turtlebot4-slam-nav/install/turtlebot4_navigation:/home/rokey/github_package/turtlebot4-slam-nav/install/turtlebot4_description:/home/rokey/turtlebot4_ws/install/turtlebot4_desktop:/home/rokey/turtlebot4_ws/install/turtlebot4_viz:/home/rokey/turtlebot4_ws/install/turtlebot4_node:/home/rokey/turtlebot4_ws/install/turtlebot4_navigation:/home/rokey/turtlebot4_ws/install/turtlebot4_msgs:/home/rokey/turtlebot4_ws/install/turtlebot4_description:/home/rokey/github_package/turtlebot4-slam-nav/install/rokey_pjt:/opt/ros/humble /usr/bin/cmake --install /home/rokey/github_package/turtlebot4-slam-nav/build/turtlebot4_node
