[0.006s] Invoking command in '/home/rokey/github_package/turtlebot4-slam-nav/build/turtlebot4_viz': CMAKE_PREFIX_PATH=/home/rokey/github_package/turtlebot4-slam-nav/install/turtlebot4_description:/home/rokey/github_package/turtlebot4-slam-nav/install/turtlebot4_desktop:/home/rokey/github_package/turtlebot4-slam-nav/install/turtlebot4_viz:/home/rokey/github_package/turtlebot4-slam-nav/install/turtlebot4_node:/home/rokey/github_package/turtlebot4-slam-nav/install/turtlebot4_navigation:/home/rokey/github_package/turtlebot4-slam-nav/install/turtlebot4_msgs:/home/rokey/turtlebot4_ws/install/turtlebot4_desktop:/home/rokey/turtlebot4_ws/install/turtlebot4_viz:/home/rokey/turtlebot4_ws/install/turtlebot4_node:/home/rokey/turtlebot4_ws/install/turtlebot4_navigation:/home/rokey/turtlebot4_ws/install/turtlebot4_msgs:/home/rokey/turtlebot4_ws/install/turtlebot4_description:/home/rokey/github_package/turtlebot4-slam-nav/install/rokey_pjt:/opt/ros/humble /usr/bin/cmake /home/rokey/github_package/turtlebot4-slam-nav/turtlebot4_ws/src/turtlebot4_desktop/turtlebot4_viz -DAMENT_CMAKE_SYMLINK_INSTALL=1 -DCMAKE_INSTALL_PREFIX=/home/rokey/github_package/turtlebot4-slam-nav/install/turtlebot4_viz
[0.044s] -- The C compiler identification is GNU 11.4.0
[0.081s] -- The CXX compiler identification is GNU 11.4.0
[0.086s] -- Detecting C compiler ABI info
[0.137s] -- Detecting C compiler ABI info - done
[0.140s] -- Check for working C compiler: /usr/bin/cc - skipped
[0.140s] -- Detecting C compile features
[0.141s] -- Detecting C compile features - done
[0.143s] -- Detecting CXX compiler ABI info
[0.206s] -- Detecting CXX compiler ABI info - done
[0.210s] -- Check for working CXX compiler: /usr/bin/c++ - skipped
[0.211s] -- Detecting CXX compile features
[0.211s] -- Detecting CXX compile features - done
[0.213s] -- Found ament_cmake: 1.3.11 (/opt/ros/humble/share/ament_cmake/cmake)
[0.324s] -- Found Python3: /usr/bin/python3 (found version "3.10.12") found components: Interpreter 
[0.368s] -- Override CMake install command with custom implementation using symlinks instead of copying resources
[0.390s] -- Found ament_lint_auto: 0.12.12 (/opt/ros/humble/share/ament_lint_auto/cmake)
[0.449s] -- Added test 'copyright' to check source files copyright and LICENSE
[0.450s] -- Added test 'flake8' to check Python code syntax and style conventions
[0.451s] -- Added test 'lint_cmake' to check CMake code style
[0.451s] -- Added test 'pep257' to check Python code against some of the docstring style conventions in PEP 257
[0.452s] -- Added test 'xmllint' to check XML markup files
[0.453s] -- Configuring done
[0.454s] -- Generating done
[0.455s] -- Build files have been written to: /home/rokey/github_package/turtlebot4-slam-nav/build/turtlebot4_viz
[0.458s] Invoked command in '/home/rokey/github_package/turtlebot4-slam-nav/build/turtlebot4_viz' returned '0': CMAKE_PREFIX_PATH=/home/rokey/github_package/turtlebot4-slam-nav/install/turtlebot4_description:/home/rokey/github_package/turtlebot4-slam-nav/install/turtlebot4_desktop:/home/rokey/github_package/turtlebot4-slam-nav/install/turtlebot4_viz:/home/rokey/github_package/turtlebot4-slam-nav/install/turtlebot4_node:/home/rokey/github_package/turtlebot4-slam-nav/install/turtlebot4_navigation:/home/rokey/github_package/turtlebot4-slam-nav/install/turtlebot4_msgs:/home/rokey/turtlebot4_ws/install/turtlebot4_desktop:/home/rokey/turtlebot4_ws/install/turtlebot4_viz:/home/rokey/turtlebot4_ws/install/turtlebot4_node:/home/rokey/turtlebot4_ws/install/turtlebot4_navigation:/home/rokey/turtlebot4_ws/install/turtlebot4_msgs:/home/rokey/turtlebot4_ws/install/turtlebot4_description:/home/rokey/github_package/turtlebot4-slam-nav/install/rokey_pjt:/opt/ros/humble /usr/bin/cmake /home/rokey/github_package/turtlebot4-slam-nav/turtlebot4_ws/src/turtlebot4_desktop/turtlebot4_viz -DAMENT_CMAKE_SYMLINK_INSTALL=1 -DCMAKE_INSTALL_PREFIX=/home/rokey/github_package/turtlebot4-slam-nav/install/turtlebot4_viz
[0.459s] Invoking command in '/home/rokey/github_package/turtlebot4-slam-nav/build/turtlebot4_viz': CMAKE_PREFIX_PATH=/home/rokey/github_package/turtlebot4-slam-nav/install/turtlebot4_description:/home/rokey/github_package/turtlebot4-slam-nav/install/turtlebot4_desktop:/home/rokey/github_package/turtlebot4-slam-nav/install/turtlebot4_viz:/home/rokey/github_package/turtlebot4-slam-nav/install/turtlebot4_node:/home/rokey/github_package/turtlebot4-slam-nav/install/turtlebot4_navigation:/home/rokey/github_package/turtlebot4-slam-nav/install/turtlebot4_msgs:/home/rokey/turtlebot4_ws/install/turtlebot4_desktop:/home/rokey/turtlebot4_ws/install/turtlebot4_viz:/home/rokey/turtlebot4_ws/install/turtlebot4_node:/home/rokey/turtlebot4_ws/install/turtlebot4_navigation:/home/rokey/turtlebot4_ws/install/turtlebot4_msgs:/home/rokey/turtlebot4_ws/install/turtlebot4_description:/home/rokey/github_package/turtlebot4-slam-nav/install/rokey_pjt:/opt/ros/humble /usr/bin/cmake --build /home/rokey/github_package/turtlebot4-slam-nav/build/turtlebot4_viz -- -j20 -l20
[0.489s] Invoked command in '/home/rokey/github_package/turtlebot4-slam-nav/build/turtlebot4_viz' returned '0': CMAKE_PREFIX_PATH=/home/rokey/github_package/turtlebot4-slam-nav/install/turtlebot4_description:/home/rokey/github_package/turtlebot4-slam-nav/install/turtlebot4_desktop:/home/rokey/github_package/turtlebot4-slam-nav/install/turtlebot4_viz:/home/rokey/github_package/turtlebot4-slam-nav/install/turtlebot4_node:/home/rokey/github_package/turtlebot4-slam-nav/install/turtlebot4_navigation:/home/rokey/github_package/turtlebot4-slam-nav/install/turtlebot4_msgs:/home/rokey/turtlebot4_ws/install/turtlebot4_desktop:/home/rokey/turtlebot4_ws/install/turtlebot4_viz:/home/rokey/turtlebot4_ws/install/turtlebot4_node:/home/rokey/turtlebot4_ws/install/turtlebot4_navigation:/home/rokey/turtlebot4_ws/install/turtlebot4_msgs:/home/rokey/turtlebot4_ws/install/turtlebot4_description:/home/rokey/github_package/turtlebot4-slam-nav/install/rokey_pjt:/opt/ros/humble /usr/bin/cmake --build /home/rokey/github_package/turtlebot4-slam-nav/build/turtlebot4_viz -- -j20 -l20
[0.489s] Invoking command in '/home/rokey/github_package/turtlebot4-slam-nav/build/turtlebot4_viz': CMAKE_PREFIX_PATH=/home/rokey/github_package/turtlebot4-slam-nav/install/turtlebot4_description:/home/rokey/github_package/turtlebot4-slam-nav/install/turtlebot4_desktop:/home/rokey/github_package/turtlebot4-slam-nav/install/turtlebot4_viz:/home/rokey/github_package/turtlebot4-slam-nav/install/turtlebot4_node:/home/rokey/github_package/turtlebot4-slam-nav/install/turtlebot4_navigation:/home/rokey/github_package/turtlebot4-slam-nav/install/turtlebot4_msgs:/home/rokey/turtlebot4_ws/install/turtlebot4_desktop:/home/rokey/turtlebot4_ws/install/turtlebot4_viz:/home/rokey/turtlebot4_ws/install/turtlebot4_node:/home/rokey/turtlebot4_ws/install/turtlebot4_navigation:/home/rokey/turtlebot4_ws/install/turtlebot4_msgs:/home/rokey/turtlebot4_ws/install/turtlebot4_description:/home/rokey/github_package/turtlebot4-slam-nav/install/rokey_pjt:/opt/ros/humble /usr/bin/cmake --install /home/rokey/github_package/turtlebot4-slam-nav/build/turtlebot4_viz
[0.496s] -- Install configuration: ""
[0.496s] -- Execute custom install script
[0.497s] -- Symlinking: /home/rokey/github_package/turtlebot4-slam-nav/install/turtlebot4_viz/share/turtlebot4_viz/launch/view_diagnostics.launch.py
[0.502s] -- Symlinking: /home/rokey/github_package/turtlebot4-slam-nav/install/turtlebot4_viz/share/turtlebot4_viz/launch/view_model.launch.py
[0.508s] -- Symlinking: /home/rokey/github_package/turtlebot4-slam-nav/install/turtlebot4_viz/share/turtlebot4_viz/launch/view_navigation.launch.py
[0.516s] -- Symlinking: /home/rokey/github_package/turtlebot4-slam-nav/install/turtlebot4_viz/share/turtlebot4_viz/launch/view_robot.launch.py
[0.521s] -- Symlinking: /home/rokey/github_package/turtlebot4-slam-nav/install/turtlebot4_viz/share/turtlebot4_viz/rviz/model.rviz
[0.528s] -- Symlinking: /home/rokey/github_package/turtlebot4-slam-nav/install/turtlebot4_viz/share/turtlebot4_viz/rviz/navigation.rviz
[0.534s] -- Symlinking: /home/rokey/github_package/turtlebot4-slam-nav/install/turtlebot4_viz/share/turtlebot4_viz/rviz/robot.rviz
[0.541s] -- Symlinking: /home/rokey/github_package/turtlebot4-slam-nav/install/turtlebot4_viz/share/ament_index/resource_index/package_run_dependencies/turtlebot4_viz
[0.546s] -- Symlinking: /home/rokey/github_package/turtlebot4-slam-nav/install/turtlebot4_viz/share/ament_index/resource_index/parent_prefix_path/turtlebot4_viz
[0.553s] -- Symlinking: /home/rokey/github_package/turtlebot4-slam-nav/install/turtlebot4_viz/share/turtlebot4_viz/environment/ament_prefix_path.sh
[0.560s] -- Symlinking: /home/rokey/github_package/turtlebot4-slam-nav/install/turtlebot4_viz/share/turtlebot4_viz/environment/ament_prefix_path.dsv
[0.565s] -- Symlinking: /home/rokey/github_package/turtlebot4-slam-nav/install/turtlebot4_viz/share/turtlebot4_viz/environment/path.sh
[0.571s] -- Symlinking: /home/rokey/github_package/turtlebot4-slam-nav/install/turtlebot4_viz/share/turtlebot4_viz/environment/path.dsv
[0.576s] -- Symlinking: /home/rokey/github_package/turtlebot4-slam-nav/install/turtlebot4_viz/share/turtlebot4_viz/local_setup.bash
[0.581s] -- Symlinking: /home/rokey/github_package/turtlebot4-slam-nav/install/turtlebot4_viz/share/turtlebot4_viz/local_setup.sh
[0.587s] -- Symlinking: /home/rokey/github_package/turtlebot4-slam-nav/install/turtlebot4_viz/share/turtlebot4_viz/local_setup.zsh
[0.593s] -- Symlinking: /home/rokey/github_package/turtlebot4-slam-nav/install/turtlebot4_viz/share/turtlebot4_viz/local_setup.dsv
[0.599s] -- Symlinking: /home/rokey/github_package/turtlebot4-slam-nav/install/turtlebot4_viz/share/turtlebot4_viz/package.dsv
[0.606s] -- Symlinking: /home/rokey/github_package/turtlebot4-slam-nav/install/turtlebot4_viz/share/ament_index/resource_index/packages/turtlebot4_viz
[0.613s] -- Symlinking: /home/rokey/github_package/turtlebot4-slam-nav/install/turtlebot4_viz/share/turtlebot4_viz/cmake/turtlebot4_vizConfig.cmake
[0.618s] -- Symlinking: /home/rokey/github_package/turtlebot4-slam-nav/install/turtlebot4_viz/share/turtlebot4_viz/cmake/turtlebot4_vizConfig-version.cmake
[0.623s] -- Symlinking: /home/rokey/github_package/turtlebot4-slam-nav/install/turtlebot4_viz/share/turtlebot4_viz/package.xml
[0.630s] Invoked command in '/home/rokey/github_package/turtlebot4-slam-nav/build/turtlebot4_viz' returned '0': CMAKE_PREFIX_PATH=/home/rokey/github_package/turtlebot4-slam-nav/install/turtlebot4_description:/home/rokey/github_package/turtlebot4-slam-nav/install/turtlebot4_desktop:/home/rokey/github_package/turtlebot4-slam-nav/install/turtlebot4_viz:/home/rokey/github_package/turtlebot4-slam-nav/install/turtlebot4_node:/home/rokey/github_package/turtlebot4-slam-nav/install/turtlebot4_navigation:/home/rokey/github_package/turtlebot4-slam-nav/install/turtlebot4_msgs:/home/rokey/turtlebot4_ws/install/turtlebot4_desktop:/home/rokey/turtlebot4_ws/install/turtlebot4_viz:/home/rokey/turtlebot4_ws/install/turtlebot4_node:/home/rokey/turtlebot4_ws/install/turtlebot4_navigation:/home/rokey/turtlebot4_ws/install/turtlebot4_msgs:/home/rokey/turtlebot4_ws/install/turtlebot4_description:/home/rokey/github_package/turtlebot4-slam-nav/install/rokey_pjt:/opt/ros/humble /usr/bin/cmake --install /home/rokey/github_package/turtlebot4-slam-nav/build/turtlebot4_viz
