[0.011s] Invoking command in '/home/rokey/github_package/turtlebot4-slam-nav/build/turtlebot4_msgs': CMAKE_PREFIX_PATH=${CMAKE_PREFIX_PATH}:/home/rokey/github_package/turtlebot4-slam-nav/install/rokey_pjt:/opt/ros/humble /usr/bin/cmake /home/rokey/github_package/turtlebot4-slam-nav/turtlebot4_ws/src/turtlebot4/turtlebot4_msgs -DAMENT_CMAKE_SYMLINK_INSTALL=1 -DCMAKE_INSTALL_PREFIX=/home/rokey/github_package/turtlebot4-slam-nav/install/turtlebot4_msgs
[0.179s] -- The C compiler identification is GNU 11.4.0
[0.179s] -- The CXX compiler identification is GNU 11.4.0
[0.179s] -- Detecting C compiler ABI info
[0.179s] -- Detecting C compiler ABI info - done
[0.179s] -- Check for working C compiler: /usr/bin/cc - skipped
[0.180s] -- Detecting C compile features
[0.180s] -- Detecting C compile features - done
[0.180s] -- Detecting CXX compiler ABI info
[0.207s] -- Detecting CXX compiler ABI info - done
[0.214s] -- Check for working CXX compiler: /usr/bin/c++ - skipped
[0.214s] -- Detecting CXX compile features
[0.214s] -- Detecting CXX compile features - done
[0.216s] -- Found ament_cmake: 1.3.11 (/opt/ros/humble/share/ament_cmake/cmake)
[0.328s] -- Found Python3: /usr/bin/python3 (found version "3.10.12") found components: Interpreter 
[0.381s] -- Override CMake install command with custom implementation using symlinks instead of copying resources
[0.404s] -- Found ament_lint_auto: 0.12.12 (/opt/ros/humble/share/ament_lint_auto/cmake)
[0.461s] -- Found rosidl_default_generators: 1.2.0 (/opt/ros/humble/share/rosidl_default_generators/cmake)
[0.464s] -- Using all available rosidl_typesupport_c: rosidl_typesupport_fastrtps_c;rosidl_typesupport_introspection_c
[0.469s] -- Found rosidl_adapter: 3.1.6 (/opt/ros/humble/share/rosidl_adapter/cmake)
[0.496s] -- Using all available rosidl_typesupport_cpp: rosidl_typesupport_fastrtps_cpp;rosidl_typesupport_introspection_cpp
[0.518s] -- Found std_msgs: 4.9.0 (/opt/ros/humble/share/std_msgs/cmake)
[0.668s] -- Found ament_cmake_ros: 0.10.0 (/opt/ros/humble/share/ament_cmake_ros/cmake)
[0.797s] -- Using all available rosidl_typesupport_c: rosidl_typesupport_fastrtps_c;rosidl_typesupport_introspection_c
[0.967s] -- Using all available rosidl_typesupport_cpp: rosidl_typesupport_fastrtps_cpp;rosidl_typesupport_introspection_cpp
[0.985s] -- Found PythonInterp: /usr/bin/python3 (found suitable version "3.10.12", minimum required is "3.6") 
[0.987s] -- Found python_cmake_module: 0.10.0 (/opt/ros/humble/share/python_cmake_module/cmake)
[1.005s] -- Found PythonLibs: /usr/lib/x86_64-linux-gnu/libpython3.10.so (found suitable version "3.10.12", minimum required is "3.5") 
[1.005s] -- Using PYTHON_EXECUTABLE: /usr/bin/python3
[1.005s] -- Using PYTHON_INCLUDE_DIRS: /usr/include/python3.10
[1.006s] -- Using PYTHON_LIBRARIES: /usr/lib/x86_64-linux-gnu/libpython3.10.so
[1.025s] -- Found PythonExtra: .so  
[1.051s] -- Added test 'copyright' to check source files copyright and LICENSE
[1.052s] -- Added test 'lint_cmake' to check CMake code style
[1.052s] -- Added test 'xmllint' to check XML markup files
[1.055s] -- Configuring done
[1.072s] -- Generating done
[1.078s] -- Build files have been written to: /home/rokey/github_package/turtlebot4-slam-nav/build/turtlebot4_msgs
[1.083s] Invoked command in '/home/rokey/github_package/turtlebot4-slam-nav/build/turtlebot4_msgs' returned '0': CMAKE_PREFIX_PATH=${CMAKE_PREFIX_PATH}:/home/rokey/github_package/turtlebot4-slam-nav/install/rokey_pjt:/opt/ros/humble /usr/bin/cmake /home/rokey/github_package/turtlebot4-slam-nav/turtlebot4_ws/src/turtlebot4/turtlebot4_msgs -DAMENT_CMAKE_SYMLINK_INSTALL=1 -DCMAKE_INSTALL_PREFIX=/home/rokey/github_package/turtlebot4-slam-nav/install/turtlebot4_msgs
[1.083s] Invoking command in '/home/rokey/github_package/turtlebot4-slam-nav/build/turtlebot4_msgs': CMAKE_PREFIX_PATH=${CMAKE_PREFIX_PATH}:/home/rokey/github_package/turtlebot4-slam-nav/install/rokey_pjt:/opt/ros/humble /usr/bin/cmake --build /home/rokey/github_package/turtlebot4-slam-nav/build/turtlebot4_msgs -- -j20 -l20
[1.111s] [  2%] [34m[1mGenerating C code for ROS interfaces[0m
[1.119s] [  4%] [34m[1mGenerating C++ code for ROS interfaces[0m
[1.125s] [  4%] Built target ament_cmake_python_symlink_turtlebot4_msgs
[1.286s] running egg_info
[1.286s] creating turtlebot4_msgs.egg-info
[1.286s] writing turtlebot4_msgs.egg-info/PKG-INFO
[1.286s] writing dependency_links to turtlebot4_msgs.egg-info/dependency_links.txt
[1.286s] writing top-level names to turtlebot4_msgs.egg-info/top_level.txt
[1.286s] writing manifest file 'turtlebot4_msgs.egg-info/SOURCES.txt'
[1.288s] reading manifest file 'turtlebot4_msgs.egg-info/SOURCES.txt'
[1.288s] writing manifest file 'turtlebot4_msgs.egg-info/SOURCES.txt'
[1.307s] [  4%] Built target ament_cmake_python_build_turtlebot4_msgs_egg
[1.386s] [  6%] [32mBuilding C object CMakeFiles/turtlebot4_msgs__rosidl_generator_c.dir/rosidl_generator_c/turtlebot4_msgs/msg/detail/user_led__functions.c.o[0m
[1.386s] [  8%] [32mBuilding C object CMakeFiles/turtlebot4_msgs__rosidl_generator_c.dir/rosidl_generator_c/turtlebot4_msgs/msg/detail/user_display__functions.c.o[0m
[1.388s] [ 10%] [32mBuilding C object CMakeFiles/turtlebot4_msgs__rosidl_generator_c.dir/rosidl_generator_c/turtlebot4_msgs/msg/detail/user_button__functions.c.o[0m
[1.389s] [ 10%] Built target turtlebot4_msgs__cpp
[1.396s] [ 14%] [34m[1mGenerating C++ introspection for ROS interfaces[0m
[1.396s] [ 14%] [34m[1mGenerating C++ type support dispatch for ROS interfaces[0m
[1.396s] [ 17%] [34m[1mGenerating C++ type support for eProsima Fast-RTPS[0m
[1.418s] [ 19%] [32m[1mLinking C shared library libturtlebot4_msgs__rosidl_generator_c.so[0m
[1.447s] [ 19%] Built target turtlebot4_msgs__rosidl_generator_c
[1.455s] [ 21%] [34m[1mGenerating C introspection for ROS interfaces[0m
[1.456s] [ 23%] [34m[1mGenerating C type support dispatch for ROS interfaces[0m
[1.456s] [ 25%] [34m[1mGenerating C type support for eProsima Fast-RTPS[0m
[1.640s] [ 27%] [32mBuilding CXX object CMakeFiles/turtlebot4_msgs__rosidl_typesupport_introspection_cpp.dir/rosidl_typesupport_introspection_cpp/turtlebot4_msgs/msg/detail/user_led__type_support.cpp.o[0m
[1.640s] [ 29%] [32mBuilding CXX object CMakeFiles/turtlebot4_msgs__rosidl_typesupport_introspection_cpp.dir/rosidl_typesupport_introspection_cpp/turtlebot4_msgs/msg/detail/user_display__type_support.cpp.o[0m
[1.641s] [ 31%] [32mBuilding CXX object CMakeFiles/turtlebot4_msgs__rosidl_typesupport_introspection_cpp.dir/rosidl_typesupport_introspection_cpp/turtlebot4_msgs/msg/detail/user_button__type_support.cpp.o[0m
[1.648s] [ 34%] [32mBuilding CXX object CMakeFiles/turtlebot4_msgs__rosidl_typesupport_fastrtps_cpp.dir/rosidl_typesupport_fastrtps_cpp/turtlebot4_msgs/msg/detail/dds_fastrtps/user_led__type_support.cpp.o[0m
[1.648s] [ 36%] [32mBuilding CXX object CMakeFiles/turtlebot4_msgs__rosidl_typesupport_fastrtps_cpp.dir/rosidl_typesupport_fastrtps_cpp/turtlebot4_msgs/msg/detail/dds_fastrtps/user_display__type_support.cpp.o[0m
[1.650s] [ 38%] [32mBuilding CXX object CMakeFiles/turtlebot4_msgs__rosidl_typesupport_fastrtps_cpp.dir/rosidl_typesupport_fastrtps_cpp/turtlebot4_msgs/msg/detail/dds_fastrtps/user_button__type_support.cpp.o[0m
[1.692s] [ 42%] [32mBuilding CXX object CMakeFiles/turtlebot4_msgs__rosidl_typesupport_c.dir/rosidl_typesupport_c/turtlebot4_msgs/msg/user_button__type_support.cpp.o[0m
[1.692s] [ 42%] [32mBuilding CXX object CMakeFiles/turtlebot4_msgs__rosidl_typesupport_c.dir/rosidl_typesupport_c/turtlebot4_msgs/msg/user_display__type_support.cpp.o[0m
[1.693s] [ 44%] [32mBuilding CXX object CMakeFiles/turtlebot4_msgs__rosidl_typesupport_c.dir/rosidl_typesupport_c/turtlebot4_msgs/msg/user_led__type_support.cpp.o[0m
[1.716s] [ 46%] [32m[1mLinking CXX shared library libturtlebot4_msgs__rosidl_typesupport_c.so[0m
[1.745s] [ 46%] Built target turtlebot4_msgs__rosidl_typesupport_c
[1.745s] [ 48%] [32mBuilding CXX object CMakeFiles/turtlebot4_msgs__rosidl_typesupport_cpp.dir/rosidl_typesupport_cpp/turtlebot4_msgs/msg/user_display__type_support.cpp.o[0m
[1.746s] [ 51%] [32mBuilding CXX object CMakeFiles/turtlebot4_msgs__rosidl_typesupport_cpp.dir/rosidl_typesupport_cpp/turtlebot4_msgs/msg/user_button__type_support.cpp.o[0m
[1.747s] [ 53%] [32mBuilding CXX object CMakeFiles/turtlebot4_msgs__rosidl_typesupport_cpp.dir/rosidl_typesupport_cpp/turtlebot4_msgs/msg/user_led__type_support.cpp.o[0m
[1.758s] [ 55%] [32mBuilding CXX object CMakeFiles/turtlebot4_msgs__rosidl_typesupport_fastrtps_c.dir/rosidl_typesupport_fastrtps_c/turtlebot4_msgs/msg/detail/user_led__type_support_c.cpp.o[0m
[1.758s] [ 57%] [32mBuilding CXX object CMakeFiles/turtlebot4_msgs__rosidl_typesupport_fastrtps_c.dir/rosidl_typesupport_fastrtps_c/turtlebot4_msgs/msg/detail/user_button__type_support_c.cpp.o[0m
[1.758s] [ 59%] [32mBuilding CXX object CMakeFiles/turtlebot4_msgs__rosidl_typesupport_fastrtps_c.dir/rosidl_typesupport_fastrtps_c/turtlebot4_msgs/msg/detail/user_display__type_support_c.cpp.o[0m
[1.778s] [ 63%] [32mBuilding C object CMakeFiles/turtlebot4_msgs__rosidl_typesupport_introspection_c.dir/rosidl_typesupport_introspection_c/turtlebot4_msgs/msg/detail/user_button__type_support.c.o[0m
[1.779s] [ 63%] [32mBuilding C object CMakeFiles/turtlebot4_msgs__rosidl_typesupport_introspection_c.dir/rosidl_typesupport_introspection_c/turtlebot4_msgs/msg/detail/user_display__type_support.c.o[0m
[1.779s] [ 65%] [32mBuilding C object CMakeFiles/turtlebot4_msgs__rosidl_typesupport_introspection_c.dir/rosidl_typesupport_introspection_c/turtlebot4_msgs/msg/detail/user_led__type_support.c.o[0m
[1.811s] [ 68%] [32m[1mLinking C shared library libturtlebot4_msgs__rosidl_typesupport_introspection_c.so[0m
[1.831s] [ 68%] Built target turtlebot4_msgs__rosidl_typesupport_introspection_c
[1.962s] [ 70%] [32m[1mLinking CXX shared library libturtlebot4_msgs__rosidl_typesupport_cpp.so[0m
[1.986s] [ 72%] [32m[1mLinking CXX shared library libturtlebot4_msgs__rosidl_typesupport_introspection_cpp.so[0m
[1.989s] [ 72%] Built target turtlebot4_msgs__rosidl_typesupport_cpp
[2.037s] [ 72%] Built target turtlebot4_msgs__rosidl_typesupport_introspection_cpp
[2.044s] [ 74%] [32m[1mLinking CXX shared library libturtlebot4_msgs__rosidl_typesupport_fastrtps_cpp.so[0m
[2.056s] [ 76%] [32m[1mLinking CXX shared library libturtlebot4_msgs__rosidl_typesupport_fastrtps_c.so[0m
[2.092s] [ 76%] Built target turtlebot4_msgs__rosidl_typesupport_fastrtps_cpp
[2.102s] [ 76%] Built target turtlebot4_msgs__rosidl_typesupport_fastrtps_c
[2.117s] [ 76%] Built target turtlebot4_msgs
[2.131s] [ 78%] [34m[1mGenerating Python code for ROS interfaces[0m
[2.514s] [ 78%] Built target turtlebot4_msgs__py
[2.528s] [ 82%] [32mBuilding C object CMakeFiles/turtlebot4_msgs__rosidl_generator_py.dir/rosidl_generator_py/turtlebot4_msgs/msg/_user_display_s.c.o[0m
[2.528s] [ 82%] [32mBuilding C object CMakeFiles/turtlebot4_msgs__rosidl_generator_py.dir/rosidl_generator_py/turtlebot4_msgs/msg/_user_button_s.c.o[0m
[2.528s] [ 85%] [32mBuilding C object CMakeFiles/turtlebot4_msgs__rosidl_generator_py.dir/rosidl_generator_py/turtlebot4_msgs/msg/_user_led_s.c.o[0m
[2.591s] [ 87%] [32m[1mLinking C shared library rosidl_generator_py/turtlebot4_msgs/libturtlebot4_msgs__rosidl_generator_py.so[0m
[2.620s] [ 87%] Built target turtlebot4_msgs__rosidl_generator_py
[2.636s] [ 89%] [32mBuilding C object CMakeFiles/turtlebot4_msgs__rosidl_typesupport_introspection_c__pyext.dir/rosidl_generator_py/turtlebot4_msgs/_turtlebot4_msgs_s.ep.rosidl_typesupport_introspection_c.c.o[0m
[2.636s] [ 93%] [32mBuilding C object CMakeFiles/turtlebot4_msgs__rosidl_typesupport_fastrtps_c__pyext.dir/rosidl_generator_py/turtlebot4_msgs/_turtlebot4_msgs_s.ep.rosidl_typesupport_fastrtps_c.c.o[0m
[2.636s] [ 93%] [32mBuilding C object CMakeFiles/turtlebot4_msgs__rosidl_typesupport_c__pyext.dir/rosidl_generator_py/turtlebot4_msgs/_turtlebot4_msgs_s.ep.rosidl_typesupport_c.c.o[0m
[2.693s] [ 97%] [32m[1mLinking C shared library rosidl_generator_py/turtlebot4_msgs/turtlebot4_msgs_s__rosidl_typesupport_c.cpython-310-x86_64-linux-gnu.so[0m
[2.693s] [ 97%] [32m[1mLinking C shared library rosidl_generator_py/turtlebot4_msgs/turtlebot4_msgs_s__rosidl_typesupport_introspection_c.cpython-310-x86_64-linux-gnu.so[0m
[2.695s] [100%] [32m[1mLinking C shared library rosidl_generator_py/turtlebot4_msgs/turtlebot4_msgs_s__rosidl_typesupport_fastrtps_c.cpython-310-x86_64-linux-gnu.so[0m
[2.717s] [100%] Built target turtlebot4_msgs__rosidl_typesupport_introspection_c__pyext
[2.717s] [100%] Built target turtlebot4_msgs__rosidl_typesupport_c__pyext
[2.718s] [100%] Built target turtlebot4_msgs__rosidl_typesupport_fastrtps_c__pyext
[2.726s] Invoked command in '/home/rokey/github_package/turtlebot4-slam-nav/build/turtlebot4_msgs' returned '0': CMAKE_PREFIX_PATH=${CMAKE_PREFIX_PATH}:/home/rokey/github_package/turtlebot4-slam-nav/install/rokey_pjt:/opt/ros/humble /usr/bin/cmake --build /home/rokey/github_package/turtlebot4-slam-nav/build/turtlebot4_msgs -- -j20 -l20
[2.727s] Invoking command in '/home/rokey/github_package/turtlebot4-slam-nav/build/turtlebot4_msgs': CMAKE_PREFIX_PATH=${CMAKE_PREFIX_PATH}:/home/rokey/github_package/turtlebot4-slam-nav/install/rokey_pjt:/opt/ros/humble /usr/bin/cmake --install /home/rokey/github_package/turtlebot4-slam-nav/build/turtlebot4_msgs
[2.734s] -- Install configuration: ""
[2.734s] -- Execute custom install script
[2.734s] -- Symlinking: /home/rokey/github_package/turtlebot4-slam-nav/install/turtlebot4_msgs/share/ament_index/resource_index/rosidl_interfaces/turtlebot4_msgs
[2.741s] -- Symlinking: /home/rokey/github_package/turtlebot4-slam-nav/install/turtlebot4_msgs/include/turtlebot4_msgs/turtlebot4_msgs/msg/detail/user_button__functions.h
[2.751s] -- Symlinking: /home/rokey/github_package/turtlebot4-slam-nav/install/turtlebot4_msgs/include/turtlebot4_msgs/turtlebot4_msgs/msg/detail/user_button__struct.h
[2.752s] -- Symlinking: /home/rokey/github_package/turtlebot4-slam-nav/install/turtlebot4_msgs/include/turtlebot4_msgs/turtlebot4_msgs/msg/detail/user_button__type_support.h
[2.758s] -- Symlinking: /home/rokey/github_package/turtlebot4-slam-nav/install/turtlebot4_msgs/include/turtlebot4_msgs/turtlebot4_msgs/msg/detail/user_display__functions.h
[2.765s] -- Symlinking: /home/rokey/github_package/turtlebot4-slam-nav/install/turtlebot4_msgs/include/turtlebot4_msgs/turtlebot4_msgs/msg/detail/user_display__struct.h
[2.773s] -- Symlinking: /home/rokey/github_package/turtlebot4-slam-nav/install/turtlebot4_msgs/include/turtlebot4_msgs/turtlebot4_msgs/msg/detail/user_display__type_support.h
[2.782s] -- Symlinking: /home/rokey/github_package/turtlebot4-slam-nav/install/turtlebot4_msgs/include/turtlebot4_msgs/turtlebot4_msgs/msg/detail/user_led__functions.h
[2.789s] -- Symlinking: /home/rokey/github_package/turtlebot4-slam-nav/install/turtlebot4_msgs/include/turtlebot4_msgs/turtlebot4_msgs/msg/detail/user_led__struct.h
[2.799s] -- Symlinking: /home/rokey/github_package/turtlebot4-slam-nav/install/turtlebot4_msgs/include/turtlebot4_msgs/turtlebot4_msgs/msg/detail/user_led__type_support.h
[2.809s] -- Symlinking: /home/rokey/github_package/turtlebot4-slam-nav/install/turtlebot4_msgs/include/turtlebot4_msgs/turtlebot4_msgs/msg/rosidl_generator_c__visibility_control.h
[2.818s] -- Symlinking: /home/rokey/github_package/turtlebot4-slam-nav/install/turtlebot4_msgs/include/turtlebot4_msgs/turtlebot4_msgs/msg/user_button.h
[2.827s] -- Symlinking: /home/rokey/github_package/turtlebot4-slam-nav/install/turtlebot4_msgs/include/turtlebot4_msgs/turtlebot4_msgs/msg/user_display.h
[2.834s] -- Symlinking: /home/rokey/github_package/turtlebot4-slam-nav/install/turtlebot4_msgs/include/turtlebot4_msgs/turtlebot4_msgs/msg/user_led.h
[2.840s] -- Symlinking: /home/rokey/github_package/turtlebot4-slam-nav/install/turtlebot4_msgs/share/turtlebot4_msgs/environment/library_path.sh
[2.848s] -- Symlinking: /home/rokey/github_package/turtlebot4-slam-nav/install/turtlebot4_msgs/share/turtlebot4_msgs/environment/library_path.dsv
[2.857s] -- Symlinking: /home/rokey/github_package/turtlebot4-slam-nav/install/turtlebot4_msgs/include/turtlebot4_msgs/turtlebot4_msgs/msg/detail/user_button__rosidl_typesupport_fastrtps_c.h
[2.865s] -- Symlinking: /home/rokey/github_package/turtlebot4-slam-nav/install/turtlebot4_msgs/include/turtlebot4_msgs/turtlebot4_msgs/msg/detail/user_display__rosidl_typesupport_fastrtps_c.h
[2.872s] -- Symlinking: /home/rokey/github_package/turtlebot4-slam-nav/install/turtlebot4_msgs/include/turtlebot4_msgs/turtlebot4_msgs/msg/detail/user_led__rosidl_typesupport_fastrtps_c.h
[2.881s] -- Symlinking: /home/rokey/github_package/turtlebot4-slam-nav/install/turtlebot4_msgs/include/turtlebot4_msgs/turtlebot4_msgs/msg/rosidl_typesupport_fastrtps_c__visibility_control.h
[2.891s] -- Symlinking: /home/rokey/github_package/turtlebot4-slam-nav/install/turtlebot4_msgs/include/turtlebot4_msgs/turtlebot4_msgs/msg/detail/user_button__rosidl_typesupport_introspection_c.h
[2.899s] -- Symlinking: /home/rokey/github_package/turtlebot4-slam-nav/install/turtlebot4_msgs/include/turtlebot4_msgs/turtlebot4_msgs/msg/detail/user_display__rosidl_typesupport_introspection_c.h
[2.908s] -- Symlinking: /home/rokey/github_package/turtlebot4-slam-nav/install/turtlebot4_msgs/include/turtlebot4_msgs/turtlebot4_msgs/msg/detail/user_led__rosidl_typesupport_introspection_c.h
[2.916s] -- Symlinking: /home/rokey/github_package/turtlebot4-slam-nav/install/turtlebot4_msgs/include/turtlebot4_msgs/turtlebot4_msgs/msg/rosidl_typesupport_introspection_c__visibility_control.h
[2.925s] -- Symlinking: /home/rokey/github_package/turtlebot4-slam-nav/install/turtlebot4_msgs/include/turtlebot4_msgs/turtlebot4_msgs/msg/detail/user_button__builder.hpp
[2.932s] -- Symlinking: /home/rokey/github_package/turtlebot4-slam-nav/install/turtlebot4_msgs/include/turtlebot4_msgs/turtlebot4_msgs/msg/detail/user_button__struct.hpp
[2.939s] -- Symlinking: /home/rokey/github_package/turtlebot4-slam-nav/install/turtlebot4_msgs/include/turtlebot4_msgs/turtlebot4_msgs/msg/detail/user_button__traits.hpp
[2.947s] -- Symlinking: /home/rokey/github_package/turtlebot4-slam-nav/install/turtlebot4_msgs/include/turtlebot4_msgs/turtlebot4_msgs/msg/detail/user_button__type_support.hpp
[2.955s] -- Symlinking: /home/rokey/github_package/turtlebot4-slam-nav/install/turtlebot4_msgs/include/turtlebot4_msgs/turtlebot4_msgs/msg/detail/user_display__builder.hpp
[2.962s] -- Symlinking: /home/rokey/github_package/turtlebot4-slam-nav/install/turtlebot4_msgs/include/turtlebot4_msgs/turtlebot4_msgs/msg/detail/user_display__struct.hpp
[2.968s] -- Symlinking: /home/rokey/github_package/turtlebot4-slam-nav/install/turtlebot4_msgs/include/turtlebot4_msgs/turtlebot4_msgs/msg/detail/user_display__traits.hpp
[2.973s] -- Symlinking: /home/rokey/github_package/turtlebot4-slam-nav/install/turtlebot4_msgs/include/turtlebot4_msgs/turtlebot4_msgs/msg/detail/user_display__type_support.hpp
[2.979s] -- Symlinking: /home/rokey/github_package/turtlebot4-slam-nav/install/turtlebot4_msgs/include/turtlebot4_msgs/turtlebot4_msgs/msg/detail/user_led__builder.hpp
[2.985s] -- Symlinking: /home/rokey/github_package/turtlebot4-slam-nav/install/turtlebot4_msgs/include/turtlebot4_msgs/turtlebot4_msgs/msg/detail/user_led__struct.hpp
[2.992s] -- Symlinking: /home/rokey/github_package/turtlebot4-slam-nav/install/turtlebot4_msgs/include/turtlebot4_msgs/turtlebot4_msgs/msg/detail/user_led__traits.hpp
[2.997s] -- Symlinking: /home/rokey/github_package/turtlebot4-slam-nav/install/turtlebot4_msgs/include/turtlebot4_msgs/turtlebot4_msgs/msg/detail/user_led__type_support.hpp
[3.003s] -- Symlinking: /home/rokey/github_package/turtlebot4-slam-nav/install/turtlebot4_msgs/include/turtlebot4_msgs/turtlebot4_msgs/msg/rosidl_generator_cpp__visibility_control.hpp
[3.010s] -- Symlinking: /home/rokey/github_package/turtlebot4-slam-nav/install/turtlebot4_msgs/include/turtlebot4_msgs/turtlebot4_msgs/msg/user_button.hpp
[3.015s] -- Symlinking: /home/rokey/github_package/turtlebot4-slam-nav/install/turtlebot4_msgs/include/turtlebot4_msgs/turtlebot4_msgs/msg/user_display.hpp
[3.022s] -- Symlinking: /home/rokey/github_package/turtlebot4-slam-nav/install/turtlebot4_msgs/include/turtlebot4_msgs/turtlebot4_msgs/msg/user_led.hpp
[3.027s] -- Symlinking: /home/rokey/github_package/turtlebot4-slam-nav/install/turtlebot4_msgs/include/turtlebot4_msgs/turtlebot4_msgs/msg/detail/user_button__rosidl_typesupport_fastrtps_cpp.hpp
[3.033s] -- Symlinking: /home/rokey/github_package/turtlebot4-slam-nav/install/turtlebot4_msgs/include/turtlebot4_msgs/turtlebot4_msgs/msg/detail/user_display__rosidl_typesupport_fastrtps_cpp.hpp
[3.038s] -- Symlinking: /home/rokey/github_package/turtlebot4-slam-nav/install/turtlebot4_msgs/include/turtlebot4_msgs/turtlebot4_msgs/msg/detail/user_led__rosidl_typesupport_fastrtps_cpp.hpp
[3.043s] -- Symlinking: /home/rokey/github_package/turtlebot4-slam-nav/install/turtlebot4_msgs/include/turtlebot4_msgs/turtlebot4_msgs/msg/rosidl_typesupport_fastrtps_cpp__visibility_control.h
[3.048s] -- Symlinking: /home/rokey/github_package/turtlebot4-slam-nav/install/turtlebot4_msgs/include/turtlebot4_msgs/turtlebot4_msgs/msg/detail/user_button__rosidl_typesupport_introspection_cpp.hpp
[3.054s] -- Symlinking: /home/rokey/github_package/turtlebot4-slam-nav/install/turtlebot4_msgs/include/turtlebot4_msgs/turtlebot4_msgs/msg/detail/user_display__rosidl_typesupport_introspection_cpp.hpp
[3.059s] -- Symlinking: /home/rokey/github_package/turtlebot4-slam-nav/install/turtlebot4_msgs/include/turtlebot4_msgs/turtlebot4_msgs/msg/detail/user_led__rosidl_typesupport_introspection_cpp.hpp
[3.065s] -- Symlinking: /home/rokey/github_package/turtlebot4-slam-nav/install/turtlebot4_msgs/share/turtlebot4_msgs/environment/pythonpath.sh
[3.071s] -- Symlinking: /home/rokey/github_package/turtlebot4-slam-nav/install/turtlebot4_msgs/share/turtlebot4_msgs/environment/pythonpath.dsv
[3.076s] -- Symlinking: /home/rokey/github_package/turtlebot4-slam-nav/install/turtlebot4_msgs/local/lib/python3.10/dist-packages/turtlebot4_msgs-1.0.5-py3.10.egg-info/PKG-INFO
[3.082s] -- Symlinking: /home/rokey/github_package/turtlebot4-slam-nav/install/turtlebot4_msgs/local/lib/python3.10/dist-packages/turtlebot4_msgs-1.0.5-py3.10.egg-info/SOURCES.txt
[3.088s] -- Symlinking: /home/rokey/github_package/turtlebot4-slam-nav/install/turtlebot4_msgs/local/lib/python3.10/dist-packages/turtlebot4_msgs-1.0.5-py3.10.egg-info/dependency_links.txt
[3.094s] -- Symlinking: /home/rokey/github_package/turtlebot4-slam-nav/install/turtlebot4_msgs/local/lib/python3.10/dist-packages/turtlebot4_msgs-1.0.5-py3.10.egg-info/top_level.txt
[3.100s] -- Symlinking: /home/rokey/github_package/turtlebot4-slam-nav/install/turtlebot4_msgs/local/lib/python3.10/dist-packages/turtlebot4_msgs/__init__.py
[3.106s] -- Symlinking: /home/rokey/github_package/turtlebot4-slam-nav/install/turtlebot4_msgs/local/lib/python3.10/dist-packages/turtlebot4_msgs/_turtlebot4_msgs_s.ep.rosidl_typesupport_c.c
[3.114s] -- Symlinking: /home/rokey/github_package/turtlebot4-slam-nav/install/turtlebot4_msgs/local/lib/python3.10/dist-packages/turtlebot4_msgs/_turtlebot4_msgs_s.ep.rosidl_typesupport_fastrtps_c.c
[3.123s] -- Symlinking: /home/rokey/github_package/turtlebot4-slam-nav/install/turtlebot4_msgs/local/lib/python3.10/dist-packages/turtlebot4_msgs/_turtlebot4_msgs_s.ep.rosidl_typesupport_introspection_c.c
[3.132s] -- Symlinking: /home/rokey/github_package/turtlebot4-slam-nav/install/turtlebot4_msgs/local/lib/python3.10/dist-packages/turtlebot4_msgs/libturtlebot4_msgs__rosidl_generator_py.so
[3.140s] -- Symlinking: /home/rokey/github_package/turtlebot4-slam-nav/install/turtlebot4_msgs/local/lib/python3.10/dist-packages/turtlebot4_msgs/msg/__init__.py
[3.148s] -- Symlinking: /home/rokey/github_package/turtlebot4-slam-nav/install/turtlebot4_msgs/local/lib/python3.10/dist-packages/turtlebot4_msgs/msg/_user_button.py
[3.154s] -- Symlinking: /home/rokey/github_package/turtlebot4-slam-nav/install/turtlebot4_msgs/local/lib/python3.10/dist-packages/turtlebot4_msgs/msg/_user_button_s.c
[3.159s] -- Symlinking: /home/rokey/github_package/turtlebot4-slam-nav/install/turtlebot4_msgs/local/lib/python3.10/dist-packages/turtlebot4_msgs/msg/_user_display.py
[3.168s] -- Symlinking: /home/rokey/github_package/turtlebot4-slam-nav/install/turtlebot4_msgs/local/lib/python3.10/dist-packages/turtlebot4_msgs/msg/_user_display_s.c
[3.174s] -- Symlinking: /home/rokey/github_package/turtlebot4-slam-nav/install/turtlebot4_msgs/local/lib/python3.10/dist-packages/turtlebot4_msgs/msg/_user_led.py
[3.180s] -- Symlinking: /home/rokey/github_package/turtlebot4-slam-nav/install/turtlebot4_msgs/local/lib/python3.10/dist-packages/turtlebot4_msgs/msg/_user_led_s.c
[3.185s] -- Symlinking: /home/rokey/github_package/turtlebot4-slam-nav/install/turtlebot4_msgs/local/lib/python3.10/dist-packages/turtlebot4_msgs/turtlebot4_msgs_s__rosidl_typesupport_c.cpython-310-x86_64-linux-gnu.so
[3.190s] -- Symlinking: /home/rokey/github_package/turtlebot4-slam-nav/install/turtlebot4_msgs/local/lib/python3.10/dist-packages/turtlebot4_msgs/turtlebot4_msgs_s__rosidl_typesupport_fastrtps_c.cpython-310-x86_64-linux-gnu.so
[3.196s] -- Symlinking: /home/rokey/github_package/turtlebot4-slam-nav/install/turtlebot4_msgs/local/lib/python3.10/dist-packages/turtlebot4_msgs/turtlebot4_msgs_s__rosidl_typesupport_introspection_c.cpython-310-x86_64-linux-gnu.so
[3.202s] -- Up-to-date symlink: /home/rokey/github_package/turtlebot4-slam-nav/install/turtlebot4_msgs/local/lib/python3.10/dist-packages/turtlebot4_msgs/turtlebot4_msgs_s__rosidl_typesupport_fastrtps_c.cpython-310-x86_64-linux-gnu.so
[3.202s] -- Up-to-date symlink: /home/rokey/github_package/turtlebot4-slam-nav/install/turtlebot4_msgs/local/lib/python3.10/dist-packages/turtlebot4_msgs/turtlebot4_msgs_s__rosidl_typesupport_introspection_c.cpython-310-x86_64-linux-gnu.so
[3.202s] -- Up-to-date symlink: /home/rokey/github_package/turtlebot4-slam-nav/install/turtlebot4_msgs/local/lib/python3.10/dist-packages/turtlebot4_msgs/turtlebot4_msgs_s__rosidl_typesupport_c.cpython-310-x86_64-linux-gnu.so
[3.202s] -- Symlinking: /home/rokey/github_package/turtlebot4-slam-nav/install/turtlebot4_msgs/share/turtlebot4_msgs/msg/UserLed.idl
[3.208s] -- Symlinking: /home/rokey/github_package/turtlebot4-slam-nav/install/turtlebot4_msgs/share/turtlebot4_msgs/msg/UserButton.idl
[3.213s] -- Symlinking: /home/rokey/github_package/turtlebot4-slam-nav/install/turtlebot4_msgs/share/turtlebot4_msgs/msg/UserDisplay.idl
[3.218s] -- Symlinking: /home/rokey/github_package/turtlebot4-slam-nav/install/turtlebot4_msgs/share/turtlebot4_msgs/msg/UserLed.msg
[3.223s] -- Symlinking: /home/rokey/github_package/turtlebot4-slam-nav/install/turtlebot4_msgs/share/turtlebot4_msgs/msg/UserButton.msg
[3.228s] -- Symlinking: /home/rokey/github_package/turtlebot4-slam-nav/install/turtlebot4_msgs/share/turtlebot4_msgs/msg/UserDisplay.msg
[3.233s] -- Symlinking: /home/rokey/github_package/turtlebot4-slam-nav/install/turtlebot4_msgs/share/ament_index/resource_index/package_run_dependencies/turtlebot4_msgs
[3.239s] -- Symlinking: /home/rokey/github_package/turtlebot4-slam-nav/install/turtlebot4_msgs/share/ament_index/resource_index/parent_prefix_path/turtlebot4_msgs
[3.246s] -- Symlinking: /home/rokey/github_package/turtlebot4-slam-nav/install/turtlebot4_msgs/share/turtlebot4_msgs/environment/ament_prefix_path.sh
[3.252s] -- Symlinking: /home/rokey/github_package/turtlebot4-slam-nav/install/turtlebot4_msgs/share/turtlebot4_msgs/environment/ament_prefix_path.dsv
[3.257s] -- Symlinking: /home/rokey/github_package/turtlebot4-slam-nav/install/turtlebot4_msgs/share/turtlebot4_msgs/environment/path.sh
[3.261s] -- Symlinking: /home/rokey/github_package/turtlebot4-slam-nav/install/turtlebot4_msgs/share/turtlebot4_msgs/environment/path.dsv
[3.267s] -- Symlinking: /home/rokey/github_package/turtlebot4-slam-nav/install/turtlebot4_msgs/share/turtlebot4_msgs/local_setup.bash
[3.272s] -- Symlinking: /home/rokey/github_package/turtlebot4-slam-nav/install/turtlebot4_msgs/share/turtlebot4_msgs/local_setup.sh
[3.278s] -- Symlinking: /home/rokey/github_package/turtlebot4-slam-nav/install/turtlebot4_msgs/share/turtlebot4_msgs/local_setup.zsh
[3.284s] -- Symlinking: /home/rokey/github_package/turtlebot4-slam-nav/install/turtlebot4_msgs/share/turtlebot4_msgs/local_setup.dsv
[3.290s] -- Symlinking: /home/rokey/github_package/turtlebot4-slam-nav/install/turtlebot4_msgs/share/turtlebot4_msgs/package.dsv
[3.296s] -- Symlinking: /home/rokey/github_package/turtlebot4-slam-nav/install/turtlebot4_msgs/share/ament_index/resource_index/packages/turtlebot4_msgs
[3.301s] -- Symlinking: /home/rokey/github_package/turtlebot4-slam-nav/install/turtlebot4_msgs/share/turtlebot4_msgs/cmake/rosidl_cmake-extras.cmake
[3.307s] -- Symlinking: /home/rokey/github_package/turtlebot4-slam-nav/install/turtlebot4_msgs/share/turtlebot4_msgs/cmake/ament_cmake_export_include_directories-extras.cmake
[3.312s] -- Symlinking: /home/rokey/github_package/turtlebot4-slam-nav/install/turtlebot4_msgs/share/turtlebot4_msgs/cmake/ament_cmake_export_libraries-extras.cmake
[3.317s] -- Symlinking: /home/rokey/github_package/turtlebot4-slam-nav/install/turtlebot4_msgs/share/turtlebot4_msgs/cmake/ament_cmake_export_targets-extras.cmake
[3.323s] -- Symlinking: /home/rokey/github_package/turtlebot4-slam-nav/install/turtlebot4_msgs/share/turtlebot4_msgs/cmake/rosidl_cmake_export_typesupport_targets-extras.cmake
[3.327s] -- Symlinking: /home/rokey/github_package/turtlebot4-slam-nav/install/turtlebot4_msgs/share/turtlebot4_msgs/cmake/ament_cmake_export_dependencies-extras.cmake
[3.332s] -- Symlinking: /home/rokey/github_package/turtlebot4-slam-nav/install/turtlebot4_msgs/share/turtlebot4_msgs/cmake/rosidl_cmake_export_typesupport_libraries-extras.cmake
[3.338s] -- Symlinking: /home/rokey/github_package/turtlebot4-slam-nav/install/turtlebot4_msgs/share/turtlebot4_msgs/cmake/turtlebot4_msgsConfig.cmake
[3.343s] -- Symlinking: /home/rokey/github_package/turtlebot4-slam-nav/install/turtlebot4_msgs/share/turtlebot4_msgs/cmake/turtlebot4_msgsConfig-version.cmake
[3.349s] -- Symlinking: /home/rokey/github_package/turtlebot4-slam-nav/install/turtlebot4_msgs/share/turtlebot4_msgs/package.xml
[3.355s] -- Installing: /home/rokey/github_package/turtlebot4-slam-nav/install/turtlebot4_msgs/lib/libturtlebot4_msgs__rosidl_generator_c.so
[3.355s] -- Set runtime path of "/home/rokey/github_package/turtlebot4-slam-nav/install/turtlebot4_msgs/lib/libturtlebot4_msgs__rosidl_generator_c.so" to ""
[3.355s] -- Installing: /home/rokey/github_package/turtlebot4-slam-nav/install/turtlebot4_msgs/lib/libturtlebot4_msgs__rosidl_typesupport_fastrtps_c.so
[3.355s] -- Set runtime path of "/home/rokey/github_package/turtlebot4-slam-nav/install/turtlebot4_msgs/lib/libturtlebot4_msgs__rosidl_typesupport_fastrtps_c.so" to ""
[3.355s] -- Installing: /home/rokey/github_package/turtlebot4-slam-nav/install/turtlebot4_msgs/lib/libturtlebot4_msgs__rosidl_typesupport_introspection_c.so
[3.355s] -- Set runtime path of "/home/rokey/github_package/turtlebot4-slam-nav/install/turtlebot4_msgs/lib/libturtlebot4_msgs__rosidl_typesupport_introspection_c.so" to ""
[3.355s] -- Installing: /home/rokey/github_package/turtlebot4-slam-nav/install/turtlebot4_msgs/lib/libturtlebot4_msgs__rosidl_typesupport_c.so
[3.355s] -- Set runtime path of "/home/rokey/github_package/turtlebot4-slam-nav/install/turtlebot4_msgs/lib/libturtlebot4_msgs__rosidl_typesupport_c.so" to ""
[3.355s] -- Installing: /home/rokey/github_package/turtlebot4-slam-nav/install/turtlebot4_msgs/lib/libturtlebot4_msgs__rosidl_typesupport_fastrtps_cpp.so
[3.355s] -- Set runtime path of "/home/rokey/github_package/turtlebot4-slam-nav/install/turtlebot4_msgs/lib/libturtlebot4_msgs__rosidl_typesupport_fastrtps_cpp.so" to ""
[3.356s] -- Installing: /home/rokey/github_package/turtlebot4-slam-nav/install/turtlebot4_msgs/lib/libturtlebot4_msgs__rosidl_typesupport_introspection_cpp.so
[3.356s] -- Set runtime path of "/home/rokey/github_package/turtlebot4-slam-nav/install/turtlebot4_msgs/lib/libturtlebot4_msgs__rosidl_typesupport_introspection_cpp.so" to ""
[3.356s] -- Installing: /home/rokey/github_package/turtlebot4-slam-nav/install/turtlebot4_msgs/lib/libturtlebot4_msgs__rosidl_typesupport_cpp.so
[3.356s] -- Set runtime path of "/home/rokey/github_package/turtlebot4-slam-nav/install/turtlebot4_msgs/lib/libturtlebot4_msgs__rosidl_typesupport_cpp.so" to ""
[3.380s] Listing '/home/rokey/github_package/turtlebot4-slam-nav/install/turtlebot4_msgs/local/lib/python3.10/dist-packages/turtlebot4_msgs'...
[3.380s] Compiling '/home/rokey/github_package/turtlebot4-slam-nav/install/turtlebot4_msgs/local/lib/python3.10/dist-packages/turtlebot4_msgs/__init__.py'...
[3.380s] Listing '/home/rokey/github_package/turtlebot4-slam-nav/install/turtlebot4_msgs/local/lib/python3.10/dist-packages/turtlebot4_msgs/msg'...
[3.380s] Compiling '/home/rokey/github_package/turtlebot4-slam-nav/install/turtlebot4_msgs/local/lib/python3.10/dist-packages/turtlebot4_msgs/msg/__init__.py'...
[3.380s] Compiling '/home/rokey/github_package/turtlebot4-slam-nav/install/turtlebot4_msgs/local/lib/python3.10/dist-packages/turtlebot4_msgs/msg/_user_button.py'...
[3.380s] Compiling '/home/rokey/github_package/turtlebot4-slam-nav/install/turtlebot4_msgs/local/lib/python3.10/dist-packages/turtlebot4_msgs/msg/_user_display.py'...
[3.380s] Compiling '/home/rokey/github_package/turtlebot4-slam-nav/install/turtlebot4_msgs/local/lib/python3.10/dist-packages/turtlebot4_msgs/msg/_user_led.py'...
[3.383s] -- Installing: /home/rokey/github_package/turtlebot4-slam-nav/install/turtlebot4_msgs/lib/libturtlebot4_msgs__rosidl_generator_py.so
[3.383s] -- Set runtime path of "/home/rokey/github_package/turtlebot4-slam-nav/install/turtlebot4_msgs/lib/libturtlebot4_msgs__rosidl_generator_py.so" to ""
[3.383s] -- Installing: /home/rokey/github_package/turtlebot4-slam-nav/install/turtlebot4_msgs/share/turtlebot4_msgs/cmake/export_turtlebot4_msgs__rosidl_generator_cExport.cmake
[3.383s] -- Installing: /home/rokey/github_package/turtlebot4-slam-nav/install/turtlebot4_msgs/share/turtlebot4_msgs/cmake/export_turtlebot4_msgs__rosidl_generator_cExport-noconfig.cmake
[3.383s] -- Installing: /home/rokey/github_package/turtlebot4-slam-nav/install/turtlebot4_msgs/share/turtlebot4_msgs/cmake/export_turtlebot4_msgs__rosidl_typesupport_fastrtps_cExport.cmake
[3.383s] -- Installing: /home/rokey/github_package/turtlebot4-slam-nav/install/turtlebot4_msgs/share/turtlebot4_msgs/cmake/export_turtlebot4_msgs__rosidl_typesupport_fastrtps_cExport-noconfig.cmake
[3.383s] -- Installing: /home/rokey/github_package/turtlebot4-slam-nav/install/turtlebot4_msgs/share/turtlebot4_msgs/cmake/turtlebot4_msgs__rosidl_typesupport_introspection_cExport.cmake
[3.383s] -- Installing: /home/rokey/github_package/turtlebot4-slam-nav/install/turtlebot4_msgs/share/turtlebot4_msgs/cmake/turtlebot4_msgs__rosidl_typesupport_introspection_cExport-noconfig.cmake
[3.383s] -- Installing: /home/rokey/github_package/turtlebot4-slam-nav/install/turtlebot4_msgs/share/turtlebot4_msgs/cmake/turtlebot4_msgs__rosidl_typesupport_cExport.cmake
[3.384s] -- Installing: /home/rokey/github_package/turtlebot4-slam-nav/install/turtlebot4_msgs/share/turtlebot4_msgs/cmake/turtlebot4_msgs__rosidl_typesupport_cExport-noconfig.cmake
[3.384s] -- Installing: /home/rokey/github_package/turtlebot4-slam-nav/install/turtlebot4_msgs/share/turtlebot4_msgs/cmake/export_turtlebot4_msgs__rosidl_generator_cppExport.cmake
[3.384s] -- Installing: /home/rokey/github_package/turtlebot4-slam-nav/install/turtlebot4_msgs/share/turtlebot4_msgs/cmake/export_turtlebot4_msgs__rosidl_typesupport_fastrtps_cppExport.cmake
[3.384s] -- Installing: /home/rokey/github_package/turtlebot4-slam-nav/install/turtlebot4_msgs/share/turtlebot4_msgs/cmake/export_turtlebot4_msgs__rosidl_typesupport_fastrtps_cppExport-noconfig.cmake
[3.384s] -- Installing: /home/rokey/github_package/turtlebot4-slam-nav/install/turtlebot4_msgs/share/turtlebot4_msgs/cmake/turtlebot4_msgs__rosidl_typesupport_introspection_cppExport.cmake
[3.384s] -- Installing: /home/rokey/github_package/turtlebot4-slam-nav/install/turtlebot4_msgs/share/turtlebot4_msgs/cmake/turtlebot4_msgs__rosidl_typesupport_introspection_cppExport-noconfig.cmake
[3.384s] -- Installing: /home/rokey/github_package/turtlebot4-slam-nav/install/turtlebot4_msgs/share/turtlebot4_msgs/cmake/turtlebot4_msgs__rosidl_typesupport_cppExport.cmake
[3.384s] -- Installing: /home/rokey/github_package/turtlebot4-slam-nav/install/turtlebot4_msgs/share/turtlebot4_msgs/cmake/turtlebot4_msgs__rosidl_typesupport_cppExport-noconfig.cmake
[3.384s] -- Installing: /home/rokey/github_package/turtlebot4-slam-nav/install/turtlebot4_msgs/share/turtlebot4_msgs/cmake/export_turtlebot4_msgs__rosidl_generator_pyExport.cmake
[3.384s] -- Installing: /home/rokey/github_package/turtlebot4-slam-nav/install/turtlebot4_msgs/share/turtlebot4_msgs/cmake/export_turtlebot4_msgs__rosidl_generator_pyExport-noconfig.cmake
[3.386s] Invoked command in '/home/rokey/github_package/turtlebot4-slam-nav/build/turtlebot4_msgs' returned '0': CMAKE_PREFIX_PATH=${CMAKE_PREFIX_PATH}:/home/rokey/github_package/turtlebot4-slam-nav/install/rokey_pjt:/opt/ros/humble /usr/bin/cmake --install /home/rokey/github_package/turtlebot4-slam-nav/build/turtlebot4_msgs
